<?xml version="1.0" encoding="UTF-8"?>
<!-- Generated by org.testng.reporters.JUnitXMLReporter -->
<testsuite ignored="0" hostname="COL-TNUZUM" failures="0" tests="10" name="Page Launch" time="10.223" errors="0" timestamp="16 Aug 2019 14:04:18 GMT">
  <testcase classname="EME.PageLaunchTest" name="@BeforeTest initialize" time="9.279">
    <failure type="org.openqa.selenium.NoSuchSessionException" message="Tried to run command without establishing a connection
Build info: version: &amp;apos;3.141.59&amp;apos;, revision: &amp;apos;e82be7d358&amp;apos;, time: &amp;apos;2018-11-14T08:17:03&amp;apos;
System info: host: &amp;apos;COL-TNUZUM&amp;apos;, ip: &amp;apos;10.143.8.48&amp;apos;, os.name: &amp;apos;Windows 10&amp;apos;, os.arch: &amp;apos;amd64&amp;apos;, os.version: &amp;apos;10.0&amp;apos;, java.version: &amp;apos;11.0.3&amp;apos;
Driver info: org.openqa.selenium.firefox.FirefoxDriver
Capabilities {acceptInsecureCerts: true, browserName: firefox, browserVersion: 68.0.1, javascriptEnabled: true, moz:accessibilityChecks: false, moz:buildID: 20190717172542, moz:geckodriverVersion: 0.24.0, moz:headless: false, moz:processID: 17276, moz:profile: C:\Users\tnuzum\AppData\Loc..., moz:shutdownTimeout: 60000, moz:useNonSpecCompliantPointerOrigin: false, moz:webdriverClick: true, pageLoadStrategy: normal, platform: WINDOWS, platformName: WINDOWS, platformVersion: 10.0, rotatable: false, setWindowRect: true, strictFileInteractability: false, timeouts: {implicit: 0, pageLoad: 300000, script: 30000}, unhandledPromptBehavior: dismiss and notify}
Session ID: d1e48d67-2702-49a3-a659-0ac25b97e874
*** Element info: {Using=xpath, value=//div[@class=&amp;apos;homeComponent&amp;apos;]//memberinfo/div/div[2]/h2}">
      <![CDATA[org.openqa.selenium.NoSuchSessionException: Tried to run command without establishing a connection
Build info: version: '3.141.59', revision: 'e82be7d358', time: '2018-11-14T08:17:03'
System info: host: 'COL-TNUZUM', ip: '10.143.8.48', os.name: 'Windows 10', os.arch: 'amd64', os.version: '10.0', java.version: '11.0.3'
Driver info: org.openqa.selenium.firefox.FirefoxDriver
Capabilities {acceptInsecureCerts: true, browserName: firefox, browserVersion: 68.0.1, javascriptEnabled: true, moz:accessibilityChecks: false, moz:buildID: 20190717172542, moz:geckodriverVersion: 0.24.0, moz:headless: false, moz:processID: 17276, moz:profile: C:\Users\tnuzum\AppData\Loc..., moz:shutdownTimeout: 60000, moz:useNonSpecCompliantPointerOrigin: false, moz:webdriverClick: true, pageLoadStrategy: normal, platform: WINDOWS, platformName: WINDOWS, platformVersion: 10.0, rotatable: false, setWindowRect: true, strictFileInteractability: false, timeouts: {implicit: 0, pageLoad: 300000, script: 30000}, unhandledPromptBehavior: dismiss and notify}
Session ID: d1e48d67-2702-49a3-a659-0ac25b97e874
*** Element info: {Using=xpath, value=//div[@class='homeComponent']//memberinfo/div/div[2]/h2}
at org.openqa.selenium.remote.http.W3CHttpResponseCodec.createException(W3CHttpResponseCodec.java:187)
at org.openqa.selenium.remote.http.W3CHttpResponseCodec.decode(W3CHttpResponseCodec.java:122)
at org.openqa.selenium.remote.http.W3CHttpResponseCodec.decode(W3CHttpResponseCodec.java:49)
at org.openqa.selenium.remote.HttpCommandExecutor.execute(HttpCommandExecutor.java:158)
at org.openqa.selenium.remote.service.DriverCommandExecutor.execute(DriverCommandExecutor.java:83)
at org.openqa.selenium.remote.RemoteWebDriver.execute(RemoteWebDriver.java:552)
at org.openqa.selenium.remote.RemoteWebDriver.findElement(RemoteWebDriver.java:323)
at org.openqa.selenium.remote.RemoteWebDriver.findElementByXPath(RemoteWebDriver.java:428)
at org.openqa.selenium.By$ByXPath.findElement(By.java:353)
at org.openqa.selenium.remote.RemoteWebDriver.findElement(RemoteWebDriver.java:315)
at pageObjects.DashboardPO.getMyInfoMemberName(DashboardPO.java:218)
at resources.reusableWaits.waitForDashboardLoaded(reusableWaits.java:35)
at resources.reusableMethods.activeMember1Login(reusableMethods.java:19)
at EME.PageLaunchTest.initialize(PageLaunchTest.java:36)
... Removed 32 stack frames]]>
    </failure>
  </testcase> <!-- @BeforeTest initialize -->
  <testcase classname="EME.PageLaunchTest" name="@AfterTest teardown" time="0.0">
    <skipped/>
  </testcase> <!-- @AfterTest teardown -->
  <testcase classname="EME.PageLaunchTest" name="MyPackagesButtonTest" time="0.0">
    <skipped/>
  </testcase> <!-- MyPackagesButtonTest -->
  <testcase classname="EME.PageLaunchTest" name="CartButtonTest" time="0.0">
    <skipped/>
  </testcase> <!-- CartButtonTest -->
  <testcase classname="EME.PageLaunchTest" name="AcctHistoryButtonTest" time="0.0">
    <skipped/>
  </testcase> <!-- AcctHistoryButtonTest -->
  <testcase classname="EME.PageLaunchTest" name="PayNowButtonTest" time="0.0">
    <skipped/>
  </testcase> <!-- PayNowButtonTest -->
  <testcase classname="EME.PageLaunchTest" name="ScheduleClassesButtonTest" time="0.0">
    <skipped/>
  </testcase> <!-- ScheduleClassesButtonTest -->
  <testcase classname="EME.PageLaunchTest" name="ScheduleApptsButtonTest" time="0.0">
    <skipped/>
  </testcase> <!-- ScheduleApptsButtonTest -->
  <testcase classname="EME.PageLaunchTest" name="ManageFamilyButtonTest" time="0.0">
    <skipped/>
  </testcase> <!-- ManageFamilyButtonTest -->
  <testcase classname="EME.PageLaunchTest" name="EditMyInfoButtonTest" time="0.0">
    <skipped/>
  </testcase> <!-- EditMyInfoButtonTest -->
  <testcase classname="EME.PageLaunchTest" name="ForgotUsernameButtonTest" time="0.0">
    <skipped/>
  </testcase> <!-- ForgotUsernameButtonTest -->
  <testcase classname="EME.PageLaunchTest" name="ForgotPasswordButtonTest" time="0.0">
    <skipped/>
  </testcase> <!-- ForgotPasswordButtonTest -->
</testsuite> <!-- Page Launch -->
