<!DOCTYPE html>

<html>
  <head>
  <meta charset='utf-8'>
  <title>TestNG reports</title>

    <link type="text/css" href="testng-reports.css" rel="stylesheet" />
    <script type="text/javascript" src="jquery-1.7.1.min.js"></script>
    <script type="text/javascript" src="testng-reports.js"></script>
    <script type="text/javascript" src="https://www.google.com/jsapi"></script>
    <script type='text/javascript'>
      google.load('visualization', '1', {packages:['table']});
      google.setOnLoadCallback(drawTable);
      var suiteTableInitFunctions = new Array();
      var suiteTableData = new Array();
    </script>
    <!--
      <script type="text/javascript" src="jquery-ui/js/jquery-ui-1.8.16.custom.min.js"></script>
     -->
  </head>

  <body>
    <div class="top-banner-root">
      <span class="top-banner-title-font">Test results</span>
      <br/>
      <span class="top-banner-font-1">1 suite, 11 failed tests</span>
    </div> <!-- top-banner-root -->
    <div class="navigator-root">
      <div class="navigator-suite-header">
        <span>All suites</span>
        <a href="#" title="Collapse/expand all the suites" class="collapse-all-link">
          <img src="collapseall.gif" class="collapse-all-icon">
          </img> <!-- collapse-all-icon -->
        </a> <!-- collapse-all-link -->
      </div> <!-- navigator-suite-header -->
      <div class="suite">
        <div class="rounded-window">
          <div class="suite-header light-rounded-window-top">
            <a href="#" panel-name="suite-EME_-_Smoke_Testing" class="navigator-link">
              <span class="suite-name border-failed">EME - Smoke Testing</span>
            </a> <!-- navigator-link -->
          </div> <!-- suite-header light-rounded-window-top -->
          <div class="navigator-suite-content">
            <div class="suite-section-title">
              <span>Info</span>
            </div> <!-- suite-section-title -->
            <div class="suite-section-content">
              <ul>
                <li>
                  <a href="#" panel-name="test-xml-EME_-_Smoke_Testing" class="navigator-link ">
                    <span>C:\Users\tnuzum\eclipse-workspace\JonasFitness\testng.xml</span>
                  </a> <!-- navigator-link  -->
                </li>
                <li>
                  <a href="#" panel-name="testlist-EME_-_Smoke_Testing" class="navigator-link ">
                    <span class="test-stats">8 tests</span>
                  </a> <!-- navigator-link  -->
                </li>
                <li>
                  <a href="#" panel-name="group-EME_-_Smoke_Testing" class="navigator-link ">
                    <span>0 groups</span>
                  </a> <!-- navigator-link  -->
                </li>
                <li>
                  <a href="#" panel-name="times-EME_-_Smoke_Testing" class="navigator-link ">
                    <span>Times</span>
                  </a> <!-- navigator-link  -->
                </li>
                <li>
                  <a href="#" panel-name="reporter-EME_-_Smoke_Testing" class="navigator-link ">
                    <span>Reporter output</span>
                  </a> <!-- navigator-link  -->
                </li>
                <li>
                  <a href="#" panel-name="ignored-methods-EME_-_Smoke_Testing" class="navigator-link ">
                    <span>Ignored methods</span>
                  </a> <!-- navigator-link  -->
                </li>
                <li>
                  <a href="#" panel-name="chronological-EME_-_Smoke_Testing" class="navigator-link ">
                    <span>Chronological view</span>
                  </a> <!-- navigator-link  -->
                </li>
              </ul>
            </div> <!-- suite-section-content -->
            <div class="result-section">
              <div class="suite-section-title">
                <span>Results</span>
              </div> <!-- suite-section-title -->
              <div class="suite-section-content">
                <ul>
                  <li>
                    <span class="method-stats">32 methods, 11 failed,  10 skipped,  11 passed</span>
                  </li>
                  <li>
                    <span class="method-list-title failed">Failed methods</span>
                    <span class="show-or-hide-methods failed">
                      <a href="#" panel-name="suite-EME_-_Smoke_Testing" class="hide-methods failed suite-EME_-_Smoke_Testing"> (hide)</a> <!-- hide-methods failed suite-EME_-_Smoke_Testing -->
                      <a href="#" panel-name="suite-EME_-_Smoke_Testing" class="show-methods failed suite-EME_-_Smoke_Testing"> (show)</a> <!-- show-methods failed suite-EME_-_Smoke_Testing -->
                    </span>
                    <div class="method-list-content failed suite-EME_-_Smoke_Testing">
                      <span>
                        <img src="failed.png" width="3%"/>
                        <a href="#" panel-name="suite-EME_-_Smoke_Testing" title="EME.MakeApptTest" class="method navigator-link" hash-for-method="CancelAppointment">CancelAppointment</a> <!-- method navigator-link -->
                      </span>
                      <br/>
                      <span>
                        <img src="failed.png" width="3%"/>
                        <a href="#" panel-name="suite-EME_-_Smoke_Testing" title="EME.MakeGroupApptTest" class="method navigator-link" hash-for-method="CancelAppointment">CancelAppointment</a> <!-- method navigator-link -->
                      </span>
                      <br/>
                      <span>
                        <img src="failed.png" width="3%"/>
                        <a href="#" panel-name="suite-EME_-_Smoke_Testing" title="EME.MakeApptTest" class="method navigator-link" hash-for-method="ConfirmAppointmentIsScheduled">ConfirmAppointmentIsScheduled</a> <!-- method navigator-link -->
                      </span>
                      <br/>
                      <span>
                        <img src="failed.png" width="3%"/>
                        <a href="#" panel-name="suite-EME_-_Smoke_Testing" title="EME.MakeGroupApptTest" class="method navigator-link" hash-for-method="ConfirmAppointmentIsScheduled">ConfirmAppointmentIsScheduled</a> <!-- method navigator-link -->
                      </span>
                      <br/>
                      <span>
                        <img src="failed.png" width="3%"/>
                        <a href="#" panel-name="suite-EME_-_Smoke_Testing" title="EME.MakePaymentTest" class="method navigator-link" hash-for-method="MakePayment">MakePayment</a> <!-- method navigator-link -->
                      </span>
                      <br/>
                      <span>
                        <img src="failed.png" width="3%"/>
                        <a href="#" panel-name="suite-EME_-_Smoke_Testing" title="EME.MakeApptTest" class="method navigator-link" hash-for-method="ScheduleAppointment">ScheduleAppointment</a> <!-- method navigator-link -->
                      </span>
                      <br/>
                      <span>
                        <img src="failed.png" width="3%"/>
                        <a href="#" panel-name="suite-EME_-_Smoke_Testing" title="EME.MakeGroupApptTest" class="method navigator-link" hash-for-method="ScheduleAppointment">ScheduleAppointment</a> <!-- method navigator-link -->
                      </span>
                      <br/>
                      <span>
                        <img src="failed.png" width="3%"/>
                        <a href="#" panel-name="suite-EME_-_Smoke_Testing" title="EME.ScheduleClassTest" class="method navigator-link" hash-for-method="scheduleClass">scheduleClass</a> <!-- method navigator-link -->
                      </span>
                      <br/>
                      <span>
                        <img src="failed.png" width="3%"/>
                        <a href="#" panel-name="suite-EME_-_Smoke_Testing" title="EME.ScheduleCourseTest" class="method navigator-link" hash-for-method="scheduleCourse">scheduleCourse</a> <!-- method navigator-link -->
                      </span>
                      <br/>
                      <span>
                        <img src="failed.png" width="3%"/>
                        <a href="#" panel-name="suite-EME_-_Smoke_Testing" title="EME.ScheduleClassTest" class="method navigator-link" hash-for-method="unenrollFromClass">unenrollFromClass</a> <!-- method navigator-link -->
                      </span>
                      <br/>
                      <span>
                        <img src="failed.png" width="3%"/>
                        <a href="#" panel-name="suite-EME_-_Smoke_Testing" title="EME.ScheduleCourseTest" class="method navigator-link" hash-for-method="unenrollFromCourse">unenrollFromCourse</a> <!-- method navigator-link -->
                      </span>
                      <br/>
                    </div> <!-- method-list-content failed suite-EME_-_Smoke_Testing -->
                  </li>
                  <li>
                    <span class="method-list-title skipped">Skipped methods</span>
                    <span class="show-or-hide-methods skipped">
                      <a href="#" panel-name="suite-EME_-_Smoke_Testing" class="hide-methods skipped suite-EME_-_Smoke_Testing"> (hide)</a> <!-- hide-methods skipped suite-EME_-_Smoke_Testing -->
                      <a href="#" panel-name="suite-EME_-_Smoke_Testing" class="show-methods skipped suite-EME_-_Smoke_Testing"> (show)</a> <!-- show-methods skipped suite-EME_-_Smoke_Testing -->
                    </span>
                    <div class="method-list-content skipped suite-EME_-_Smoke_Testing">
                      <span>
                        <img src="skipped.png" width="3%"/>
                        <a href="#" panel-name="suite-EME_-_Smoke_Testing" title="EME.PageLaunchTest" class="method navigator-link" hash-for-method="AcctHistoryButtonTest">AcctHistoryButtonTest</a> <!-- method navigator-link -->
                      </span>
                      <br/>
                      <span>
                        <img src="skipped.png" width="3%"/>
                        <a href="#" panel-name="suite-EME_-_Smoke_Testing" title="EME.PageLaunchTest" class="method navigator-link" hash-for-method="CartButtonTest">CartButtonTest</a> <!-- method navigator-link -->
                      </span>
                      <br/>
                      <span>
                        <img src="skipped.png" width="3%"/>
                        <a href="#" panel-name="suite-EME_-_Smoke_Testing" title="EME.PageLaunchTest" class="method navigator-link" hash-for-method="EditMyInfoButtonTest">EditMyInfoButtonTest</a> <!-- method navigator-link -->
                      </span>
                      <br/>
                      <span>
                        <img src="skipped.png" width="3%"/>
                        <a href="#" panel-name="suite-EME_-_Smoke_Testing" title="EME.PageLaunchTest" class="method navigator-link" hash-for-method="ForgotPasswordButtonTest">ForgotPasswordButtonTest</a> <!-- method navigator-link -->
                      </span>
                      <br/>
                      <span>
                        <img src="skipped.png" width="3%"/>
                        <a href="#" panel-name="suite-EME_-_Smoke_Testing" title="EME.PageLaunchTest" class="method navigator-link" hash-for-method="ForgotUsernameButtonTest">ForgotUsernameButtonTest</a> <!-- method navigator-link -->
                      </span>
                      <br/>
                      <span>
                        <img src="skipped.png" width="3%"/>
                        <a href="#" panel-name="suite-EME_-_Smoke_Testing" title="EME.PageLaunchTest" class="method navigator-link" hash-for-method="ManageFamilyButtonTest">ManageFamilyButtonTest</a> <!-- method navigator-link -->
                      </span>
                      <br/>
                      <span>
                        <img src="skipped.png" width="3%"/>
                        <a href="#" panel-name="suite-EME_-_Smoke_Testing" title="EME.PageLaunchTest" class="method navigator-link" hash-for-method="MyPackagesButtonTest">MyPackagesButtonTest</a> <!-- method navigator-link -->
                      </span>
                      <br/>
                      <span>
                        <img src="skipped.png" width="3%"/>
                        <a href="#" panel-name="suite-EME_-_Smoke_Testing" title="EME.PageLaunchTest" class="method navigator-link" hash-for-method="PayNowButtonTest">PayNowButtonTest</a> <!-- method navigator-link -->
                      </span>
                      <br/>
                      <span>
                        <img src="skipped.png" width="3%"/>
                        <a href="#" panel-name="suite-EME_-_Smoke_Testing" title="EME.PageLaunchTest" class="method navigator-link" hash-for-method="ScheduleApptsButtonTest">ScheduleApptsButtonTest</a> <!-- method navigator-link -->
                      </span>
                      <br/>
                      <span>
                        <img src="skipped.png" width="3%"/>
                        <a href="#" panel-name="suite-EME_-_Smoke_Testing" title="EME.PageLaunchTest" class="method navigator-link" hash-for-method="ScheduleClassesButtonTest">ScheduleClassesButtonTest</a> <!-- method navigator-link -->
                      </span>
                      <br/>
                    </div> <!-- method-list-content skipped suite-EME_-_Smoke_Testing -->
                  </li>
                  <li>
                    <span class="method-list-title passed">Passed methods</span>
                    <span class="show-or-hide-methods passed">
                      <a href="#" panel-name="suite-EME_-_Smoke_Testing" class="hide-methods passed suite-EME_-_Smoke_Testing"> (hide)</a> <!-- hide-methods passed suite-EME_-_Smoke_Testing -->
                      <a href="#" panel-name="suite-EME_-_Smoke_Testing" class="show-methods passed suite-EME_-_Smoke_Testing"> (show)</a> <!-- show-methods passed suite-EME_-_Smoke_Testing -->
                    </span>
                    <div class="method-list-content passed suite-EME_-_Smoke_Testing">
                      <span>
                        <img src="passed.png" width="3%"/>
                        <a href="#" panel-name="suite-EME_-_Smoke_Testing" title="EME.MakePaymentTest" class="method navigator-link" hash-for-method="ConfirmPaymentApplied">ConfirmPaymentApplied</a> <!-- method navigator-link -->
                      </span>
                      <br/>
                      <span>
                        <img src="passed.png" width="3%"/>
                        <a href="#" panel-name="suite-EME_-_Smoke_Testing" title="EME.MemberLoginTest" class="method navigator-link" hash-for-method="activeMember1Login">activeMember1Login</a> <!-- method navigator-link -->
                      </span>
                      <br/>
                      <span>
                        <img src="passed.png" width="3%"/>
                        <a href="#" panel-name="suite-EME_-_Smoke_Testing" title="EME.MemberLoginTest" class="method navigator-link" hash-for-method="activeMember2Login">activeMember2Login</a> <!-- method navigator-link -->
                      </span>
                      <br/>
                      <span>
                        <img src="passed.png" width="3%"/>
                        <a href="#" panel-name="suite-EME_-_Smoke_Testing" title="EME.MemberLoginTest" class="method navigator-link" hash-for-method="activeMember3Login">activeMember3Login</a> <!-- method navigator-link -->
                      </span>
                      <br/>
                      <span>
                        <img src="passed.png" width="3%"/>
                        <a href="#" panel-name="suite-EME_-_Smoke_Testing" title="EME.MemberLoginTest" class="method navigator-link" hash-for-method="activeMember4Login">activeMember4Login</a> <!-- method navigator-link -->
                      </span>
                      <br/>
                      <span>
                        <img src="passed.png" width="3%"/>
                        <a href="#" panel-name="suite-EME_-_Smoke_Testing" title="EME.MemberLoginTest" class="method navigator-link" hash-for-method="collectionsMember1Login">collectionsMember1Login</a> <!-- method navigator-link -->
                      </span>
                      <br/>
                      <span>
                        <img src="passed.png" width="3%"/>
                        <a href="#" panel-name="suite-EME_-_Smoke_Testing" title="EME.loginPageTest" class="method navigator-link" hash-for-method="noUserMessages">noUserMessages</a> <!-- method navigator-link -->
                      </span>
                      <br/>
                      <span>
                        <img src="passed.png" width="3%"/>
                        <a href="#" panel-name="suite-EME_-_Smoke_Testing" title="EME.loginPageTest" class="method navigator-link" hash-for-method="pageTextLabels">pageTextLabels</a> <!-- method navigator-link -->
                      </span>
                      <br/>
                      <span>
                        <img src="passed.png" width="3%"/>
                        <a href="#" panel-name="suite-EME_-_Smoke_Testing" title="EME.loginPageTest" class="method navigator-link" hash-for-method="pageTitle">pageTitle</a> <!-- method navigator-link -->
                      </span>
                      <br/>
                      <span>
                        <img src="passed.png" width="3%"/>
                        <a href="#" panel-name="suite-EME_-_Smoke_Testing" title="EME.MemberLoginTest" class="method navigator-link" hash-for-method="prospectMember1Login">prospectMember1Login</a> <!-- method navigator-link -->
                      </span>
                      <br/>
                      <span>
                        <img src="passed.png" width="3%"/>
                        <a href="#" panel-name="suite-EME_-_Smoke_Testing" title="EME.loginPageTest" class="method navigator-link" hash-for-method="wrongCredentialsMessages">wrongCredentialsMessages</a> <!-- method navigator-link -->
                      </span>
                      <br/>
                    </div> <!-- method-list-content passed suite-EME_-_Smoke_Testing -->
                  </li>
                </ul>
              </div> <!-- suite-section-content -->
            </div> <!-- result-section -->
          </div> <!-- navigator-suite-content -->
        </div> <!-- rounded-window -->
      </div> <!-- suite -->
    </div> <!-- navigator-root -->
    <div class="wrapper">
      <div class="main-panel-root">
        <div panel-name="suite-EME_-_Smoke_Testing" class="panel EME_-_Smoke_Testing">
          <div class="suite-EME_-_Smoke_Testing-class-failed">
            <div class="main-panel-header rounded-window-top">
              <img src="failed.png"/>
              <span class="class-name">EME.MakeGroupApptTest</span>
            </div> <!-- main-panel-header rounded-window-top -->
            <div class="main-panel-content rounded-window-bottom">
              <div class="method">
                <div class="method-content">
                  <a name="CancelAppointment">
                  </a> <!-- CancelAppointment -->
                  <span class="method-name">CancelAppointment</span>
                  <div class="stack-trace">org.openqa.selenium.NoSuchElementException: Unable to locate element: //appointmentswidget/div/div[2]/div[1]/div/a/div/div[3]/i
For documentation on this error, please visit: https://www.seleniumhq.org/exceptions/no_such_element.html
Build info: version: &apos;3.141.59&apos;, revision: &apos;e82be7d358&apos;, time: &apos;2018-11-14T08:17:03&apos;
System info: host: &apos;COL-TNUZUM&apos;, ip: &apos;10.143.8.48&apos;, os.name: &apos;Windows 10&apos;, os.arch: &apos;amd64&apos;, os.version: &apos;10.0&apos;, java.version: &apos;11.0.3&apos;
Driver info: org.openqa.selenium.firefox.FirefoxDriver
Capabilities {acceptInsecureCerts: true, browserName: firefox, browserVersion: 68.0.1, javascriptEnabled: true, moz:accessibilityChecks: false, moz:buildID: 20190717172542, moz:geckodriverVersion: 0.24.0, moz:headless: false, moz:processID: 15928, moz:profile: C:\Users\tnuzum\AppData\Loc..., moz:shutdownTimeout: 60000, moz:useNonSpecCompliantPointerOrigin: false, moz:webdriverClick: true, pageLoadStrategy: normal, platform: WINDOWS, platformName: WINDOWS, platformVersion: 10.0, rotatable: false, setWindowRect: true, strictFileInteractability: false, timeouts: {implicit: 0, pageLoad: 300000, script: 30000}, unhandledPromptBehavior: dismiss and notify}
Session ID: f6a4862b-bc3d-4788-b5e4-4f926f4a3c42
*** Element info: {Using=xpath, value=//appointmentswidget/div/div[2]/div[1]/div/a/div/div[3]/i}
	at org.openqa.selenium.remote.http.W3CHttpResponseCodec.createException(W3CHttpResponseCodec.java:187)
	at org.openqa.selenium.remote.http.W3CHttpResponseCodec.decode(W3CHttpResponseCodec.java:122)
	at org.openqa.selenium.remote.http.W3CHttpResponseCodec.decode(W3CHttpResponseCodec.java:49)
	at org.openqa.selenium.remote.HttpCommandExecutor.execute(HttpCommandExecutor.java:158)
	at org.openqa.selenium.remote.service.DriverCommandExecutor.execute(DriverCommandExecutor.java:83)
	at org.openqa.selenium.remote.RemoteWebDriver.execute(RemoteWebDriver.java:552)
	at org.openqa.selenium.remote.RemoteWebDriver.findElement(RemoteWebDriver.java:323)
	at org.openqa.selenium.remote.RemoteWebDriver.findElementByXPath(RemoteWebDriver.java:428)
	at org.openqa.selenium.By$ByXPath.findElement(By.java:353)
	at org.openqa.selenium.remote.RemoteWebDriver.findElement(RemoteWebDriver.java:315)
	at pageObjects.DashboardPO.getMyApptsAppt1GearButton(DashboardPO.java:256)
	at EME.MakeGroupApptTest.CancelAppointment(MakeGroupApptTest.java:117)
... Removed 33 stack frames
</div> <!-- stack-trace -->
                </div> <!-- method-content -->
              </div> <!-- method -->
              <div class="method">
                <div class="method-content">
                  <a name="ConfirmAppointmentIsScheduled">
                  </a> <!-- ConfirmAppointmentIsScheduled -->
                  <span class="method-name">ConfirmAppointmentIsScheduled</span>
                  <div class="stack-trace">org.openqa.selenium.NoSuchSessionException: Tried to run command without establishing a connection
Build info: version: &apos;3.141.59&apos;, revision: &apos;e82be7d358&apos;, time: &apos;2018-11-14T08:17:03&apos;
System info: host: &apos;COL-TNUZUM&apos;, ip: &apos;10.143.8.48&apos;, os.name: &apos;Windows 10&apos;, os.arch: &apos;amd64&apos;, os.version: &apos;10.0&apos;, java.version: &apos;11.0.3&apos;
Driver info: org.openqa.selenium.firefox.FirefoxDriver
Capabilities {acceptInsecureCerts: true, browserName: firefox, browserVersion: 68.0.1, javascriptEnabled: true, moz:accessibilityChecks: false, moz:buildID: 20190717172542, moz:geckodriverVersion: 0.24.0, moz:headless: false, moz:processID: 15456, moz:profile: C:\Users\tnuzum\AppData\Loc..., moz:shutdownTimeout: 60000, moz:useNonSpecCompliantPointerOrigin: false, moz:webdriverClick: true, pageLoadStrategy: normal, platform: WINDOWS, platformName: WINDOWS, platformVersion: 10.0, rotatable: false, setWindowRect: true, strictFileInteractability: false, timeouts: {implicit: 0, pageLoad: 300000, script: 30000}, unhandledPromptBehavior: dismiss and notify}
Session ID: b1e35eb4-53bc-430a-a382-f7dfef2f0d08
*** Element info: {Using=xpath, value=//div[@class=&apos;homeComponent&apos;]//memberinfo/div/div[2]/h2}
	at org.openqa.selenium.remote.http.W3CHttpResponseCodec.createException(W3CHttpResponseCodec.java:187)
	at org.openqa.selenium.remote.http.W3CHttpResponseCodec.decode(W3CHttpResponseCodec.java:122)
	at org.openqa.selenium.remote.http.W3CHttpResponseCodec.decode(W3CHttpResponseCodec.java:49)
	at org.openqa.selenium.remote.HttpCommandExecutor.execute(HttpCommandExecutor.java:158)
	at org.openqa.selenium.remote.service.DriverCommandExecutor.execute(DriverCommandExecutor.java:83)
	at org.openqa.selenium.remote.RemoteWebDriver.execute(RemoteWebDriver.java:552)
	at org.openqa.selenium.remote.RemoteWebDriver.findElement(RemoteWebDriver.java:323)
	at org.openqa.selenium.remote.RemoteWebDriver.findElementByXPath(RemoteWebDriver.java:428)
	at org.openqa.selenium.By$ByXPath.findElement(By.java:353)
	at org.openqa.selenium.remote.RemoteWebDriver.findElement(RemoteWebDriver.java:315)
	at pageObjects.DashboardPO.getMyInfoMemberName(DashboardPO.java:218)
	at resources.reusableWaits.waitForDashboardLoaded(reusableWaits.java:35)
	at EME.MakeGroupApptTest.ConfirmAppointmentIsScheduled(MakeGroupApptTest.java:106)
... Removed 33 stack frames
</div> <!-- stack-trace -->
                </div> <!-- method-content -->
              </div> <!-- method -->
              <div class="method">
                <div class="method-content">
                  <a name="ScheduleAppointment">
                  </a> <!-- ScheduleAppointment -->
                  <span class="method-name">ScheduleAppointment</span>
                  <div class="stack-trace">org.openqa.selenium.NoSuchSessionException: Tried to run command without establishing a connection
Build info: version: &apos;3.141.59&apos;, revision: &apos;e82be7d358&apos;, time: &apos;2018-11-14T08:17:03&apos;
System info: host: &apos;COL-TNUZUM&apos;, ip: &apos;10.143.8.48&apos;, os.name: &apos;Windows 10&apos;, os.arch: &apos;amd64&apos;, os.version: &apos;10.0&apos;, java.version: &apos;11.0.3&apos;
Driver info: org.openqa.selenium.firefox.FirefoxDriver
Capabilities {acceptInsecureCerts: true, browserName: firefox, browserVersion: 68.0.1, javascriptEnabled: true, moz:accessibilityChecks: false, moz:buildID: 20190717172542, moz:geckodriverVersion: 0.24.0, moz:headless: false, moz:processID: 15456, moz:profile: C:\Users\tnuzum\AppData\Loc..., moz:shutdownTimeout: 60000, moz:useNonSpecCompliantPointerOrigin: false, moz:webdriverClick: true, pageLoadStrategy: normal, platform: WINDOWS, platformName: WINDOWS, platformVersion: 10.0, rotatable: false, setWindowRect: true, strictFileInteractability: false, timeouts: {implicit: 0, pageLoad: 300000, script: 30000}, unhandledPromptBehavior: dismiss and notify}
Session ID: b1e35eb4-53bc-430a-a382-f7dfef2f0d08
*** Element info: {Using=xpath, value=//div[@class=&apos;homeComponent&apos;]//memberinfo/div/div[2]/h2}
	at org.openqa.selenium.remote.http.W3CHttpResponseCodec.createException(W3CHttpResponseCodec.java:187)
	at org.openqa.selenium.remote.http.W3CHttpResponseCodec.decode(W3CHttpResponseCodec.java:122)
	at org.openqa.selenium.remote.http.W3CHttpResponseCodec.decode(W3CHttpResponseCodec.java:49)
	at org.openqa.selenium.remote.HttpCommandExecutor.execute(HttpCommandExecutor.java:158)
	at org.openqa.selenium.remote.service.DriverCommandExecutor.execute(DriverCommandExecutor.java:83)
	at org.openqa.selenium.remote.RemoteWebDriver.execute(RemoteWebDriver.java:552)
	at org.openqa.selenium.remote.RemoteWebDriver.findElement(RemoteWebDriver.java:323)
	at org.openqa.selenium.remote.RemoteWebDriver.findElementByXPath(RemoteWebDriver.java:428)
	at org.openqa.selenium.By$ByXPath.findElement(By.java:353)
	at org.openqa.selenium.remote.RemoteWebDriver.findElement(RemoteWebDriver.java:315)
	at pageObjects.DashboardPO.getMyInfoMemberName(DashboardPO.java:218)
	at resources.reusableWaits.waitForDashboardLoaded(reusableWaits.java:35)
	at resources.reusableMethods.activeMember1Login(reusableMethods.java:19)
	at EME.MakeGroupApptTest.ScheduleAppointment(MakeGroupApptTest.java:37)
... Removed 33 stack frames
</div> <!-- stack-trace -->
                </div> <!-- method-content -->
              </div> <!-- method -->
            </div> <!-- main-panel-content rounded-window-bottom -->
          </div> <!-- suite-EME_-_Smoke_Testing-class-failed -->
          <div class="suite-EME_-_Smoke_Testing-class-failed">
            <div class="main-panel-header rounded-window-top">
              <img src="failed.png"/>
              <span class="class-name">EME.ScheduleClassTest</span>
            </div> <!-- main-panel-header rounded-window-top -->
            <div class="main-panel-content rounded-window-bottom">
              <div class="method">
                <div class="method-content">
                  <a name="scheduleClass">
                  </a> <!-- scheduleClass -->
                  <span class="method-name">scheduleClass</span>
                  <div class="stack-trace">org.openqa.selenium.NoSuchSessionException: Tried to run command without establishing a connection
Build info: version: &apos;3.141.59&apos;, revision: &apos;e82be7d358&apos;, time: &apos;2018-11-14T08:17:03&apos;
System info: host: &apos;COL-TNUZUM&apos;, ip: &apos;10.143.8.48&apos;, os.name: &apos;Windows 10&apos;, os.arch: &apos;amd64&apos;, os.version: &apos;10.0&apos;, java.version: &apos;11.0.3&apos;
Driver info: org.openqa.selenium.firefox.FirefoxDriver
Capabilities {acceptInsecureCerts: true, browserName: firefox, browserVersion: 68.0.1, javascriptEnabled: true, moz:accessibilityChecks: false, moz:buildID: 20190717172542, moz:geckodriverVersion: 0.24.0, moz:headless: false, moz:processID: 14520, moz:profile: C:\Users\tnuzum\AppData\Loc..., moz:shutdownTimeout: 60000, moz:useNonSpecCompliantPointerOrigin: false, moz:webdriverClick: true, pageLoadStrategy: normal, platform: WINDOWS, platformName: WINDOWS, platformVersion: 10.0, rotatable: false, setWindowRect: true, strictFileInteractability: false, timeouts: {implicit: 0, pageLoad: 300000, script: 30000}, unhandledPromptBehavior: dismiss and notify}
Session ID: 38d6b282-e605-45fc-a99c-b79b6918049f
*** Element info: {Using=xpath, value=//div[@class=&apos;homeComponent&apos;]//memberinfo/div/div[2]/h2}
	at org.openqa.selenium.remote.http.W3CHttpResponseCodec.createException(W3CHttpResponseCodec.java:187)
	at org.openqa.selenium.remote.http.W3CHttpResponseCodec.decode(W3CHttpResponseCodec.java:122)
	at org.openqa.selenium.remote.http.W3CHttpResponseCodec.decode(W3CHttpResponseCodec.java:49)
	at org.openqa.selenium.remote.HttpCommandExecutor.execute(HttpCommandExecutor.java:158)
	at org.openqa.selenium.remote.service.DriverCommandExecutor.execute(DriverCommandExecutor.java:83)
	at org.openqa.selenium.remote.RemoteWebDriver.execute(RemoteWebDriver.java:552)
	at org.openqa.selenium.remote.RemoteWebDriver.findElement(RemoteWebDriver.java:323)
	at org.openqa.selenium.remote.RemoteWebDriver.findElementByXPath(RemoteWebDriver.java:428)
	at org.openqa.selenium.By$ByXPath.findElement(By.java:353)
	at org.openqa.selenium.remote.RemoteWebDriver.findElement(RemoteWebDriver.java:315)
	at pageObjects.DashboardPO.getMyInfoMemberName(DashboardPO.java:218)
	at resources.reusableWaits.waitForDashboardLoaded(reusableWaits.java:35)
	at resources.reusableMethods.activeMember2Login(reusableMethods.java:28)
	at EME.ScheduleClassTest.scheduleClass(ScheduleClassTest.java:38)
... Removed 33 stack frames
</div> <!-- stack-trace -->
                </div> <!-- method-content -->
              </div> <!-- method -->
              <div class="method">
                <div class="method-content">
                  <a name="unenrollFromClass">
                  </a> <!-- unenrollFromClass -->
                  <span class="method-name">unenrollFromClass</span>
                  <div class="stack-trace">org.openqa.selenium.TimeoutException: Expected condition failed: waiting for presence of element located by: By.xpath: //classescourses/div[1]/div[2]/div[1]/div[1]/a[1]/div[1]/div[3]/i[1] (tried for 10 second(s) with 500 milliseconds interval)
	at org.openqa.selenium.support.ui.WebDriverWait.timeoutException(WebDriverWait.java:95)
	at org.openqa.selenium.support.ui.FluentWait.until(FluentWait.java:272)
	at EME.ScheduleClassTest.unenrollFromClass(ScheduleClassTest.java:99)
Caused by: org.openqa.selenium.NoSuchElementException: Unable to locate element: //classescourses/div[1]/div[2]/div[1]/div[1]/a[1]/div[1]/div[3]/i[1]
For documentation on this error, please visit: https://www.seleniumhq.org/exceptions/no_such_element.html
Build info: version: &apos;3.141.59&apos;, revision: &apos;e82be7d358&apos;, time: &apos;2018-11-14T08:17:03&apos;
System info: host: &apos;COL-TNUZUM&apos;, ip: &apos;10.143.8.48&apos;, os.name: &apos;Windows 10&apos;, os.arch: &apos;amd64&apos;, os.version: &apos;10.0&apos;, java.version: &apos;11.0.3&apos;
Driver info: org.openqa.selenium.firefox.FirefoxDriver
Capabilities {acceptInsecureCerts: true, browserName: firefox, browserVersion: 68.0.1, javascriptEnabled: true, moz:accessibilityChecks: false, moz:buildID: 20190717172542, moz:geckodriverVersion: 0.24.0, moz:headless: false, moz:processID: 18380, moz:profile: C:\Users\tnuzum\AppData\Loc..., moz:shutdownTimeout: 60000, moz:useNonSpecCompliantPointerOrigin: false, moz:webdriverClick: true, pageLoadStrategy: normal, platform: WINDOWS, platformName: WINDOWS, platformVersion: 10.0, rotatable: false, setWindowRect: true, strictFileInteractability: false, timeouts: {implicit: 0, pageLoad: 300000, script: 30000}, unhandledPromptBehavior: dismiss and notify}
Session ID: 50465787-36e0-47c3-975c-f23c805b73f1
*** Element info: {Using=xpath, value=//classescourses/div[1]/div[2]/div[1]/div[1]/a[1]/div[1]/div[3]/i[1]}
	at org.openqa.selenium.remote.http.W3CHttpResponseCodec.createException(W3CHttpResponseCodec.java:187)
	at org.openqa.selenium.remote.http.W3CHttpResponseCodec.decode(W3CHttpResponseCodec.java:122)
	at org.openqa.selenium.remote.http.W3CHttpResponseCodec.decode(W3CHttpResponseCodec.java:49)
	at org.openqa.selenium.remote.HttpCommandExecutor.execute(HttpCommandExecutor.java:158)
	at org.openqa.selenium.remote.service.DriverCommandExecutor.execute(DriverCommandExecutor.java:83)
	at org.openqa.selenium.remote.RemoteWebDriver.execute(RemoteWebDriver.java:552)
	at org.openqa.selenium.remote.RemoteWebDriver.findElement(RemoteWebDriver.java:323)
	at org.openqa.selenium.remote.RemoteWebDriver.findElementByXPath(RemoteWebDriver.java:428)
	at org.openqa.selenium.By$ByXPath.findElement(By.java:353)
	at org.openqa.selenium.remote.RemoteWebDriver.findElement(RemoteWebDriver.java:315)
	at org.openqa.selenium.support.ui.ExpectedConditions$6.apply(ExpectedConditions.java:182)
	at org.openqa.selenium.support.ui.ExpectedConditions$6.apply(ExpectedConditions.java:179)
	at org.openqa.selenium.support.ui.FluentWait.until(FluentWait.java:249)
	... 30 more
... Removed 33 stack frames
</div> <!-- stack-trace -->
                </div> <!-- method-content -->
              </div> <!-- method -->
            </div> <!-- main-panel-content rounded-window-bottom -->
          </div> <!-- suite-EME_-_Smoke_Testing-class-failed -->
          <div class="suite-EME_-_Smoke_Testing-class-failed">
            <div class="main-panel-header rounded-window-top">
              <img src="failed.png"/>
              <span class="class-name">EME.ScheduleCourseTest</span>
            </div> <!-- main-panel-header rounded-window-top -->
            <div class="main-panel-content rounded-window-bottom">
              <div class="method">
                <div class="method-content">
                  <a name="scheduleCourse">
                  </a> <!-- scheduleCourse -->
                  <span class="method-name">scheduleCourse</span>
                  <div class="stack-trace">org.openqa.selenium.NoSuchSessionException: Tried to run command without establishing a connection
Build info: version: &apos;3.141.59&apos;, revision: &apos;e82be7d358&apos;, time: &apos;2018-11-14T08:17:03&apos;
System info: host: &apos;COL-TNUZUM&apos;, ip: &apos;10.143.8.48&apos;, os.name: &apos;Windows 10&apos;, os.arch: &apos;amd64&apos;, os.version: &apos;10.0&apos;, java.version: &apos;11.0.3&apos;
Driver info: org.openqa.selenium.firefox.FirefoxDriver
Capabilities {acceptInsecureCerts: true, browserName: firefox, browserVersion: 68.0.1, javascriptEnabled: true, moz:accessibilityChecks: false, moz:buildID: 20190717172542, moz:geckodriverVersion: 0.24.0, moz:headless: false, moz:processID: 18380, moz:profile: C:\Users\tnuzum\AppData\Loc..., moz:shutdownTimeout: 60000, moz:useNonSpecCompliantPointerOrigin: false, moz:webdriverClick: true, pageLoadStrategy: normal, platform: WINDOWS, platformName: WINDOWS, platformVersion: 10.0, rotatable: false, setWindowRect: true, strictFileInteractability: false, timeouts: {implicit: 0, pageLoad: 300000, script: 30000}, unhandledPromptBehavior: dismiss and notify}
Session ID: 50465787-36e0-47c3-975c-f23c805b73f1
*** Element info: {Using=xpath, value=//div[@class=&apos;homeComponent&apos;]//memberinfo/div/div[2]/h2}
	at org.openqa.selenium.remote.http.W3CHttpResponseCodec.createException(W3CHttpResponseCodec.java:187)
	at org.openqa.selenium.remote.http.W3CHttpResponseCodec.decode(W3CHttpResponseCodec.java:122)
	at org.openqa.selenium.remote.http.W3CHttpResponseCodec.decode(W3CHttpResponseCodec.java:49)
	at org.openqa.selenium.remote.HttpCommandExecutor.execute(HttpCommandExecutor.java:158)
	at org.openqa.selenium.remote.service.DriverCommandExecutor.execute(DriverCommandExecutor.java:83)
	at org.openqa.selenium.remote.RemoteWebDriver.execute(RemoteWebDriver.java:552)
	at org.openqa.selenium.remote.RemoteWebDriver.findElement(RemoteWebDriver.java:323)
	at org.openqa.selenium.remote.RemoteWebDriver.findElementByXPath(RemoteWebDriver.java:428)
	at org.openqa.selenium.By$ByXPath.findElement(By.java:353)
	at org.openqa.selenium.remote.RemoteWebDriver.findElement(RemoteWebDriver.java:315)
	at pageObjects.DashboardPO.getMyInfoMemberName(DashboardPO.java:218)
	at resources.reusableWaits.waitForDashboardLoaded(reusableWaits.java:35)
	at resources.reusableMethods.activeMember2Login(reusableMethods.java:28)
	at EME.ScheduleCourseTest.scheduleCourse(ScheduleCourseTest.java:36)
... Removed 33 stack frames
</div> <!-- stack-trace -->
                </div> <!-- method-content -->
              </div> <!-- method -->
              <div class="method">
                <div class="method-content">
                  <a name="unenrollFromCourse">
                  </a> <!-- unenrollFromCourse -->
                  <span class="method-name">unenrollFromCourse</span>
                  <div class="stack-trace">org.openqa.selenium.TimeoutException: Expected condition failed: waiting for presence of element located by: By.xpath: //classescourses/div[1]/div[2]/div[1]/div[1]/a[1]/div[1]/div[3]/i[1] (tried for 10 second(s) with 500 milliseconds interval)
	at org.openqa.selenium.support.ui.WebDriverWait.timeoutException(WebDriverWait.java:95)
	at org.openqa.selenium.support.ui.FluentWait.until(FluentWait.java:272)
	at EME.ScheduleCourseTest.unenrollFromCourse(ScheduleCourseTest.java:71)
Caused by: org.openqa.selenium.NoSuchElementException: Unable to locate element: //classescourses/div[1]/div[2]/div[1]/div[1]/a[1]/div[1]/div[3]/i[1]
For documentation on this error, please visit: https://www.seleniumhq.org/exceptions/no_such_element.html
Build info: version: &apos;3.141.59&apos;, revision: &apos;e82be7d358&apos;, time: &apos;2018-11-14T08:17:03&apos;
System info: host: &apos;COL-TNUZUM&apos;, ip: &apos;10.143.8.48&apos;, os.name: &apos;Windows 10&apos;, os.arch: &apos;amd64&apos;, os.version: &apos;10.0&apos;, java.version: &apos;11.0.3&apos;
Driver info: org.openqa.selenium.firefox.FirefoxDriver
Capabilities {acceptInsecureCerts: true, browserName: firefox, browserVersion: 68.0.1, javascriptEnabled: true, moz:accessibilityChecks: false, moz:buildID: 20190717172542, moz:geckodriverVersion: 0.24.0, moz:headless: false, moz:processID: 15456, moz:profile: C:\Users\tnuzum\AppData\Loc..., moz:shutdownTimeout: 60000, moz:useNonSpecCompliantPointerOrigin: false, moz:webdriverClick: true, pageLoadStrategy: normal, platform: WINDOWS, platformName: WINDOWS, platformVersion: 10.0, rotatable: false, setWindowRect: true, strictFileInteractability: false, timeouts: {implicit: 0, pageLoad: 300000, script: 30000}, unhandledPromptBehavior: dismiss and notify}
Session ID: b1e35eb4-53bc-430a-a382-f7dfef2f0d08
*** Element info: {Using=xpath, value=//classescourses/div[1]/div[2]/div[1]/div[1]/a[1]/div[1]/div[3]/i[1]}
	at org.openqa.selenium.remote.http.W3CHttpResponseCodec.createException(W3CHttpResponseCodec.java:187)
	at org.openqa.selenium.remote.http.W3CHttpResponseCodec.decode(W3CHttpResponseCodec.java:122)
	at org.openqa.selenium.remote.http.W3CHttpResponseCodec.decode(W3CHttpResponseCodec.java:49)
	at org.openqa.selenium.remote.HttpCommandExecutor.execute(HttpCommandExecutor.java:158)
	at org.openqa.selenium.remote.service.DriverCommandExecutor.execute(DriverCommandExecutor.java:83)
	at org.openqa.selenium.remote.RemoteWebDriver.execute(RemoteWebDriver.java:552)
	at org.openqa.selenium.remote.RemoteWebDriver.findElement(RemoteWebDriver.java:323)
	at org.openqa.selenium.remote.RemoteWebDriver.findElementByXPath(RemoteWebDriver.java:428)
	at org.openqa.selenium.By$ByXPath.findElement(By.java:353)
	at org.openqa.selenium.remote.RemoteWebDriver.findElement(RemoteWebDriver.java:315)
	at org.openqa.selenium.support.ui.ExpectedConditions$6.apply(ExpectedConditions.java:182)
	at org.openqa.selenium.support.ui.ExpectedConditions$6.apply(ExpectedConditions.java:179)
	at org.openqa.selenium.support.ui.FluentWait.until(FluentWait.java:249)
	... 30 more
... Removed 33 stack frames
</div> <!-- stack-trace -->
                </div> <!-- method-content -->
              </div> <!-- method -->
            </div> <!-- main-panel-content rounded-window-bottom -->
          </div> <!-- suite-EME_-_Smoke_Testing-class-failed -->
          <div class="suite-EME_-_Smoke_Testing-class-failed">
            <div class="main-panel-header rounded-window-top">
              <img src="failed.png"/>
              <span class="class-name">EME.MakeApptTest</span>
            </div> <!-- main-panel-header rounded-window-top -->
            <div class="main-panel-content rounded-window-bottom">
              <div class="method">
                <div class="method-content">
                  <a name="CancelAppointment">
                  </a> <!-- CancelAppointment -->
                  <span class="method-name">CancelAppointment</span>
                  <div class="stack-trace">org.openqa.selenium.NoSuchElementException: Unable to locate element: //appointmentswidget/div/div[2]/div[1]/div/a/div/div[3]/i
For documentation on this error, please visit: https://www.seleniumhq.org/exceptions/no_such_element.html
Build info: version: &apos;3.141.59&apos;, revision: &apos;e82be7d358&apos;, time: &apos;2018-11-14T08:17:03&apos;
System info: host: &apos;COL-TNUZUM&apos;, ip: &apos;10.143.8.48&apos;, os.name: &apos;Windows 10&apos;, os.arch: &apos;amd64&apos;, os.version: &apos;10.0&apos;, java.version: &apos;11.0.3&apos;
Driver info: org.openqa.selenium.firefox.FirefoxDriver
Capabilities {acceptInsecureCerts: true, browserName: firefox, browserVersion: 68.0.1, javascriptEnabled: true, moz:accessibilityChecks: false, moz:buildID: 20190717172542, moz:geckodriverVersion: 0.24.0, moz:headless: false, moz:processID: 14520, moz:profile: C:\Users\tnuzum\AppData\Loc..., moz:shutdownTimeout: 60000, moz:useNonSpecCompliantPointerOrigin: false, moz:webdriverClick: true, pageLoadStrategy: normal, platform: WINDOWS, platformName: WINDOWS, platformVersion: 10.0, rotatable: false, setWindowRect: true, strictFileInteractability: false, timeouts: {implicit: 0, pageLoad: 300000, script: 30000}, unhandledPromptBehavior: dismiss and notify}
Session ID: 38d6b282-e605-45fc-a99c-b79b6918049f
*** Element info: {Using=xpath, value=//appointmentswidget/div/div[2]/div[1]/div/a/div/div[3]/i}
	at org.openqa.selenium.remote.http.W3CHttpResponseCodec.createException(W3CHttpResponseCodec.java:187)
	at org.openqa.selenium.remote.http.W3CHttpResponseCodec.decode(W3CHttpResponseCodec.java:122)
	at org.openqa.selenium.remote.http.W3CHttpResponseCodec.decode(W3CHttpResponseCodec.java:49)
	at org.openqa.selenium.remote.HttpCommandExecutor.execute(HttpCommandExecutor.java:158)
	at org.openqa.selenium.remote.service.DriverCommandExecutor.execute(DriverCommandExecutor.java:83)
	at org.openqa.selenium.remote.RemoteWebDriver.execute(RemoteWebDriver.java:552)
	at org.openqa.selenium.remote.RemoteWebDriver.findElement(RemoteWebDriver.java:323)
	at org.openqa.selenium.remote.RemoteWebDriver.findElementByXPath(RemoteWebDriver.java:428)
	at org.openqa.selenium.By$ByXPath.findElement(By.java:353)
	at org.openqa.selenium.remote.RemoteWebDriver.findElement(RemoteWebDriver.java:315)
	at pageObjects.DashboardPO.getMyApptsAppt1GearButton(DashboardPO.java:256)
	at EME.MakeApptTest.CancelAppointment(MakeApptTest.java:102)
... Removed 33 stack frames
</div> <!-- stack-trace -->
                </div> <!-- method-content -->
              </div> <!-- method -->
              <div class="method">
                <div class="method-content">
                  <a name="ConfirmAppointmentIsScheduled">
                  </a> <!-- ConfirmAppointmentIsScheduled -->
                  <span class="method-name">ConfirmAppointmentIsScheduled</span>
                  <div class="stack-trace">org.openqa.selenium.NoSuchSessionException: Tried to run command without establishing a connection
Build info: version: &apos;3.141.59&apos;, revision: &apos;e82be7d358&apos;, time: &apos;2018-11-14T08:17:03&apos;
System info: host: &apos;COL-TNUZUM&apos;, ip: &apos;10.143.8.48&apos;, os.name: &apos;Windows 10&apos;, os.arch: &apos;amd64&apos;, os.version: &apos;10.0&apos;, java.version: &apos;11.0.3&apos;
Driver info: org.openqa.selenium.firefox.FirefoxDriver
Capabilities {acceptInsecureCerts: true, browserName: firefox, browserVersion: 68.0.1, javascriptEnabled: true, moz:accessibilityChecks: false, moz:buildID: 20190717172542, moz:geckodriverVersion: 0.24.0, moz:headless: false, moz:processID: 16328, moz:profile: C:\Users\tnuzum\AppData\Loc..., moz:shutdownTimeout: 60000, moz:useNonSpecCompliantPointerOrigin: false, moz:webdriverClick: true, pageLoadStrategy: normal, platform: WINDOWS, platformName: WINDOWS, platformVersion: 10.0, rotatable: false, setWindowRect: true, strictFileInteractability: false, timeouts: {implicit: 0, pageLoad: 300000, script: 30000}, unhandledPromptBehavior: dismiss and notify}
Session ID: c7aa15d0-bc44-4647-986d-fd52c572a729
*** Element info: {Using=xpath, value=//div[@class=&apos;homeComponent&apos;]//memberinfo/div/div[2]/h2}
	at org.openqa.selenium.remote.http.W3CHttpResponseCodec.createException(W3CHttpResponseCodec.java:187)
	at org.openqa.selenium.remote.http.W3CHttpResponseCodec.decode(W3CHttpResponseCodec.java:122)
	at org.openqa.selenium.remote.http.W3CHttpResponseCodec.decode(W3CHttpResponseCodec.java:49)
	at org.openqa.selenium.remote.HttpCommandExecutor.execute(HttpCommandExecutor.java:158)
	at org.openqa.selenium.remote.service.DriverCommandExecutor.execute(DriverCommandExecutor.java:83)
	at org.openqa.selenium.remote.RemoteWebDriver.execute(RemoteWebDriver.java:552)
	at org.openqa.selenium.remote.RemoteWebDriver.findElement(RemoteWebDriver.java:323)
	at org.openqa.selenium.remote.RemoteWebDriver.findElementByXPath(RemoteWebDriver.java:428)
	at org.openqa.selenium.By$ByXPath.findElement(By.java:353)
	at org.openqa.selenium.remote.RemoteWebDriver.findElement(RemoteWebDriver.java:315)
	at pageObjects.DashboardPO.getMyInfoMemberName(DashboardPO.java:218)
	at resources.reusableWaits.waitForDashboardLoaded(reusableWaits.java:35)
	at EME.MakeApptTest.ConfirmAppointmentIsScheduled(MakeApptTest.java:91)
... Removed 33 stack frames
</div> <!-- stack-trace -->
                </div> <!-- method-content -->
              </div> <!-- method -->
              <div class="method">
                <div class="method-content">
                  <a name="ScheduleAppointment">
                  </a> <!-- ScheduleAppointment -->
                  <span class="method-name">ScheduleAppointment</span>
                  <div class="stack-trace">org.openqa.selenium.NoSuchSessionException: Tried to run command without establishing a connection
Build info: version: &apos;3.141.59&apos;, revision: &apos;e82be7d358&apos;, time: &apos;2018-11-14T08:17:03&apos;
System info: host: &apos;COL-TNUZUM&apos;, ip: &apos;10.143.8.48&apos;, os.name: &apos;Windows 10&apos;, os.arch: &apos;amd64&apos;, os.version: &apos;10.0&apos;, java.version: &apos;11.0.3&apos;
Driver info: org.openqa.selenium.firefox.FirefoxDriver
Capabilities {acceptInsecureCerts: true, browserName: firefox, browserVersion: 68.0.1, javascriptEnabled: true, moz:accessibilityChecks: false, moz:buildID: 20190717172542, moz:geckodriverVersion: 0.24.0, moz:headless: false, moz:processID: 16328, moz:profile: C:\Users\tnuzum\AppData\Loc..., moz:shutdownTimeout: 60000, moz:useNonSpecCompliantPointerOrigin: false, moz:webdriverClick: true, pageLoadStrategy: normal, platform: WINDOWS, platformName: WINDOWS, platformVersion: 10.0, rotatable: false, setWindowRect: true, strictFileInteractability: false, timeouts: {implicit: 0, pageLoad: 300000, script: 30000}, unhandledPromptBehavior: dismiss and notify}
Session ID: c7aa15d0-bc44-4647-986d-fd52c572a729
*** Element info: {Using=xpath, value=//div[@class=&apos;homeComponent&apos;]//memberinfo/div/div[2]/h2}
	at org.openqa.selenium.remote.http.W3CHttpResponseCodec.createException(W3CHttpResponseCodec.java:187)
	at org.openqa.selenium.remote.http.W3CHttpResponseCodec.decode(W3CHttpResponseCodec.java:122)
	at org.openqa.selenium.remote.http.W3CHttpResponseCodec.decode(W3CHttpResponseCodec.java:49)
	at org.openqa.selenium.remote.HttpCommandExecutor.execute(HttpCommandExecutor.java:158)
	at org.openqa.selenium.remote.service.DriverCommandExecutor.execute(DriverCommandExecutor.java:83)
	at org.openqa.selenium.remote.RemoteWebDriver.execute(RemoteWebDriver.java:552)
	at org.openqa.selenium.remote.RemoteWebDriver.findElement(RemoteWebDriver.java:323)
	at org.openqa.selenium.remote.RemoteWebDriver.findElementByXPath(RemoteWebDriver.java:428)
	at org.openqa.selenium.By$ByXPath.findElement(By.java:353)
	at org.openqa.selenium.remote.RemoteWebDriver.findElement(RemoteWebDriver.java:315)
	at pageObjects.DashboardPO.getMyInfoMemberName(DashboardPO.java:218)
	at resources.reusableWaits.waitForDashboardLoaded(reusableWaits.java:35)
	at resources.reusableMethods.activeMember1Login(reusableMethods.java:19)
	at EME.MakeApptTest.ScheduleAppointment(MakeApptTest.java:37)
... Removed 33 stack frames
</div> <!-- stack-trace -->
                </div> <!-- method-content -->
              </div> <!-- method -->
            </div> <!-- main-panel-content rounded-window-bottom -->
          </div> <!-- suite-EME_-_Smoke_Testing-class-failed -->
          <div class="suite-EME_-_Smoke_Testing-class-failed">
            <div class="main-panel-header rounded-window-top">
              <img src="failed.png"/>
              <span class="class-name">EME.MakePaymentTest</span>
            </div> <!-- main-panel-header rounded-window-top -->
            <div class="main-panel-content rounded-window-bottom">
              <div class="method">
                <div class="method-content">
                  <a name="MakePayment">
                  </a> <!-- MakePayment -->
                  <span class="method-name">MakePayment</span>
                  <div class="stack-trace">org.openqa.selenium.NoSuchSessionException: Tried to run command without establishing a connection
Build info: version: &apos;3.141.59&apos;, revision: &apos;e82be7d358&apos;, time: &apos;2018-11-14T08:17:03&apos;
System info: host: &apos;COL-TNUZUM&apos;, ip: &apos;10.143.8.48&apos;, os.name: &apos;Windows 10&apos;, os.arch: &apos;amd64&apos;, os.version: &apos;10.0&apos;, java.version: &apos;11.0.3&apos;
Driver info: org.openqa.selenium.firefox.FirefoxDriver
Capabilities {acceptInsecureCerts: true, browserName: firefox, browserVersion: 68.0.1, javascriptEnabled: true, moz:accessibilityChecks: false, moz:buildID: 20190717172542, moz:geckodriverVersion: 0.24.0, moz:headless: false, moz:processID: 17276, moz:profile: C:\Users\tnuzum\AppData\Loc..., moz:shutdownTimeout: 60000, moz:useNonSpecCompliantPointerOrigin: false, moz:webdriverClick: true, pageLoadStrategy: normal, platform: WINDOWS, platformName: WINDOWS, platformVersion: 10.0, rotatable: false, setWindowRect: true, strictFileInteractability: false, timeouts: {implicit: 0, pageLoad: 300000, script: 30000}, unhandledPromptBehavior: dismiss and notify}
Session ID: d1e48d67-2702-49a3-a659-0ac25b97e874
*** Element info: {Using=xpath, value=//div[@class=&apos;homeComponent&apos;]//memberinfo/div/div[2]/h2}
	at org.openqa.selenium.remote.http.W3CHttpResponseCodec.createException(W3CHttpResponseCodec.java:187)
	at org.openqa.selenium.remote.http.W3CHttpResponseCodec.decode(W3CHttpResponseCodec.java:122)
	at org.openqa.selenium.remote.http.W3CHttpResponseCodec.decode(W3CHttpResponseCodec.java:49)
	at org.openqa.selenium.remote.HttpCommandExecutor.execute(HttpCommandExecutor.java:158)
	at org.openqa.selenium.remote.service.DriverCommandExecutor.execute(DriverCommandExecutor.java:83)
	at org.openqa.selenium.remote.RemoteWebDriver.execute(RemoteWebDriver.java:552)
	at org.openqa.selenium.remote.RemoteWebDriver.findElement(RemoteWebDriver.java:323)
	at org.openqa.selenium.remote.RemoteWebDriver.findElementByXPath(RemoteWebDriver.java:428)
	at org.openqa.selenium.By$ByXPath.findElement(By.java:353)
	at org.openqa.selenium.remote.RemoteWebDriver.findElement(RemoteWebDriver.java:315)
	at pageObjects.DashboardPO.getMyInfoMemberName(DashboardPO.java:218)
	at resources.reusableWaits.waitForDashboardLoaded(reusableWaits.java:35)
	at resources.reusableMethods.activeMember1Login(reusableMethods.java:19)
	at EME.MakePaymentTest.MakePayment(MakePaymentTest.java:40)
... Removed 33 stack frames
</div> <!-- stack-trace -->
                  <em>
(Adding $1.00 to member's account)                  </em>
                </div> <!-- method-content -->
              </div> <!-- method -->
            </div> <!-- main-panel-content rounded-window-bottom -->
          </div> <!-- suite-EME_-_Smoke_Testing-class-failed -->
          <div class="suite-EME_-_Smoke_Testing-class-skipped">
            <div class="main-panel-header rounded-window-top">
              <img src="skipped.png"/>
              <span class="class-name">EME.PageLaunchTest</span>
            </div> <!-- main-panel-header rounded-window-top -->
            <div class="main-panel-content rounded-window-bottom">
              <div class="method">
                <div class="method-content">
                  <a name="AcctHistoryButtonTest">
                  </a> <!-- AcctHistoryButtonTest -->
                  <span class="method-name">AcctHistoryButtonTest</span>
                  <div class="stack-trace">org.openqa.selenium.NoSuchSessionException: Tried to run command without establishing a connection
Build info: version: &apos;3.141.59&apos;, revision: &apos;e82be7d358&apos;, time: &apos;2018-11-14T08:17:03&apos;
System info: host: &apos;COL-TNUZUM&apos;, ip: &apos;10.143.8.48&apos;, os.name: &apos;Windows 10&apos;, os.arch: &apos;amd64&apos;, os.version: &apos;10.0&apos;, java.version: &apos;11.0.3&apos;
Driver info: org.openqa.selenium.firefox.FirefoxDriver
Capabilities {acceptInsecureCerts: true, browserName: firefox, browserVersion: 68.0.1, javascriptEnabled: true, moz:accessibilityChecks: false, moz:buildID: 20190717172542, moz:geckodriverVersion: 0.24.0, moz:headless: false, moz:processID: 17276, moz:profile: C:\Users\tnuzum\AppData\Loc..., moz:shutdownTimeout: 60000, moz:useNonSpecCompliantPointerOrigin: false, moz:webdriverClick: true, pageLoadStrategy: normal, platform: WINDOWS, platformName: WINDOWS, platformVersion: 10.0, rotatable: false, setWindowRect: true, strictFileInteractability: false, timeouts: {implicit: 0, pageLoad: 300000, script: 30000}, unhandledPromptBehavior: dismiss and notify}
Session ID: d1e48d67-2702-49a3-a659-0ac25b97e874
*** Element info: {Using=xpath, value=//div[@class=&apos;homeComponent&apos;]//memberinfo/div/div[2]/h2}
	at org.openqa.selenium.remote.http.W3CHttpResponseCodec.createException(W3CHttpResponseCodec.java:187)
	at org.openqa.selenium.remote.http.W3CHttpResponseCodec.decode(W3CHttpResponseCodec.java:122)
	at org.openqa.selenium.remote.http.W3CHttpResponseCodec.decode(W3CHttpResponseCodec.java:49)
	at org.openqa.selenium.remote.HttpCommandExecutor.execute(HttpCommandExecutor.java:158)
	at org.openqa.selenium.remote.service.DriverCommandExecutor.execute(DriverCommandExecutor.java:83)
	at org.openqa.selenium.remote.RemoteWebDriver.execute(RemoteWebDriver.java:552)
	at org.openqa.selenium.remote.RemoteWebDriver.findElement(RemoteWebDriver.java:323)
	at org.openqa.selenium.remote.RemoteWebDriver.findElementByXPath(RemoteWebDriver.java:428)
	at org.openqa.selenium.By$ByXPath.findElement(By.java:353)
	at org.openqa.selenium.remote.RemoteWebDriver.findElement(RemoteWebDriver.java:315)
	at pageObjects.DashboardPO.getMyInfoMemberName(DashboardPO.java:218)
	at resources.reusableWaits.waitForDashboardLoaded(reusableWaits.java:35)
	at resources.reusableMethods.activeMember1Login(reusableMethods.java:19)
	at EME.PageLaunchTest.initialize(PageLaunchTest.java:36)
... Removed 32 stack frames
</div> <!-- stack-trace -->
                </div> <!-- method-content -->
              </div> <!-- method -->
              <div class="method">
                <div class="method-content">
                  <a name="CartButtonTest">
                  </a> <!-- CartButtonTest -->
                  <span class="method-name">CartButtonTest</span>
                  <div class="stack-trace">org.openqa.selenium.NoSuchSessionException: Tried to run command without establishing a connection
Build info: version: &apos;3.141.59&apos;, revision: &apos;e82be7d358&apos;, time: &apos;2018-11-14T08:17:03&apos;
System info: host: &apos;COL-TNUZUM&apos;, ip: &apos;10.143.8.48&apos;, os.name: &apos;Windows 10&apos;, os.arch: &apos;amd64&apos;, os.version: &apos;10.0&apos;, java.version: &apos;11.0.3&apos;
Driver info: org.openqa.selenium.firefox.FirefoxDriver
Capabilities {acceptInsecureCerts: true, browserName: firefox, browserVersion: 68.0.1, javascriptEnabled: true, moz:accessibilityChecks: false, moz:buildID: 20190717172542, moz:geckodriverVersion: 0.24.0, moz:headless: false, moz:processID: 17276, moz:profile: C:\Users\tnuzum\AppData\Loc..., moz:shutdownTimeout: 60000, moz:useNonSpecCompliantPointerOrigin: false, moz:webdriverClick: true, pageLoadStrategy: normal, platform: WINDOWS, platformName: WINDOWS, platformVersion: 10.0, rotatable: false, setWindowRect: true, strictFileInteractability: false, timeouts: {implicit: 0, pageLoad: 300000, script: 30000}, unhandledPromptBehavior: dismiss and notify}
Session ID: d1e48d67-2702-49a3-a659-0ac25b97e874
*** Element info: {Using=xpath, value=//div[@class=&apos;homeComponent&apos;]//memberinfo/div/div[2]/h2}
	at org.openqa.selenium.remote.http.W3CHttpResponseCodec.createException(W3CHttpResponseCodec.java:187)
	at org.openqa.selenium.remote.http.W3CHttpResponseCodec.decode(W3CHttpResponseCodec.java:122)
	at org.openqa.selenium.remote.http.W3CHttpResponseCodec.decode(W3CHttpResponseCodec.java:49)
	at org.openqa.selenium.remote.HttpCommandExecutor.execute(HttpCommandExecutor.java:158)
	at org.openqa.selenium.remote.service.DriverCommandExecutor.execute(DriverCommandExecutor.java:83)
	at org.openqa.selenium.remote.RemoteWebDriver.execute(RemoteWebDriver.java:552)
	at org.openqa.selenium.remote.RemoteWebDriver.findElement(RemoteWebDriver.java:323)
	at org.openqa.selenium.remote.RemoteWebDriver.findElementByXPath(RemoteWebDriver.java:428)
	at org.openqa.selenium.By$ByXPath.findElement(By.java:353)
	at org.openqa.selenium.remote.RemoteWebDriver.findElement(RemoteWebDriver.java:315)
	at pageObjects.DashboardPO.getMyInfoMemberName(DashboardPO.java:218)
	at resources.reusableWaits.waitForDashboardLoaded(reusableWaits.java:35)
	at resources.reusableMethods.activeMember1Login(reusableMethods.java:19)
	at EME.PageLaunchTest.initialize(PageLaunchTest.java:36)
... Removed 32 stack frames
</div> <!-- stack-trace -->
                </div> <!-- method-content -->
              </div> <!-- method -->
              <div class="method">
                <div class="method-content">
                  <a name="EditMyInfoButtonTest">
                  </a> <!-- EditMyInfoButtonTest -->
                  <span class="method-name">EditMyInfoButtonTest</span>
                  <div class="stack-trace">org.openqa.selenium.NoSuchSessionException: Tried to run command without establishing a connection
Build info: version: &apos;3.141.59&apos;, revision: &apos;e82be7d358&apos;, time: &apos;2018-11-14T08:17:03&apos;
System info: host: &apos;COL-TNUZUM&apos;, ip: &apos;10.143.8.48&apos;, os.name: &apos;Windows 10&apos;, os.arch: &apos;amd64&apos;, os.version: &apos;10.0&apos;, java.version: &apos;11.0.3&apos;
Driver info: org.openqa.selenium.firefox.FirefoxDriver
Capabilities {acceptInsecureCerts: true, browserName: firefox, browserVersion: 68.0.1, javascriptEnabled: true, moz:accessibilityChecks: false, moz:buildID: 20190717172542, moz:geckodriverVersion: 0.24.0, moz:headless: false, moz:processID: 17276, moz:profile: C:\Users\tnuzum\AppData\Loc..., moz:shutdownTimeout: 60000, moz:useNonSpecCompliantPointerOrigin: false, moz:webdriverClick: true, pageLoadStrategy: normal, platform: WINDOWS, platformName: WINDOWS, platformVersion: 10.0, rotatable: false, setWindowRect: true, strictFileInteractability: false, timeouts: {implicit: 0, pageLoad: 300000, script: 30000}, unhandledPromptBehavior: dismiss and notify}
Session ID: d1e48d67-2702-49a3-a659-0ac25b97e874
*** Element info: {Using=xpath, value=//div[@class=&apos;homeComponent&apos;]//memberinfo/div/div[2]/h2}
	at org.openqa.selenium.remote.http.W3CHttpResponseCodec.createException(W3CHttpResponseCodec.java:187)
	at org.openqa.selenium.remote.http.W3CHttpResponseCodec.decode(W3CHttpResponseCodec.java:122)
	at org.openqa.selenium.remote.http.W3CHttpResponseCodec.decode(W3CHttpResponseCodec.java:49)
	at org.openqa.selenium.remote.HttpCommandExecutor.execute(HttpCommandExecutor.java:158)
	at org.openqa.selenium.remote.service.DriverCommandExecutor.execute(DriverCommandExecutor.java:83)
	at org.openqa.selenium.remote.RemoteWebDriver.execute(RemoteWebDriver.java:552)
	at org.openqa.selenium.remote.RemoteWebDriver.findElement(RemoteWebDriver.java:323)
	at org.openqa.selenium.remote.RemoteWebDriver.findElementByXPath(RemoteWebDriver.java:428)
	at org.openqa.selenium.By$ByXPath.findElement(By.java:353)
	at org.openqa.selenium.remote.RemoteWebDriver.findElement(RemoteWebDriver.java:315)
	at pageObjects.DashboardPO.getMyInfoMemberName(DashboardPO.java:218)
	at resources.reusableWaits.waitForDashboardLoaded(reusableWaits.java:35)
	at resources.reusableMethods.activeMember1Login(reusableMethods.java:19)
	at EME.PageLaunchTest.initialize(PageLaunchTest.java:36)
... Removed 32 stack frames
</div> <!-- stack-trace -->
                </div> <!-- method-content -->
              </div> <!-- method -->
              <div class="method">
                <div class="method-content">
                  <a name="ForgotPasswordButtonTest">
                  </a> <!-- ForgotPasswordButtonTest -->
                  <span class="method-name">ForgotPasswordButtonTest</span>
                  <div class="stack-trace">org.openqa.selenium.NoSuchSessionException: Tried to run command without establishing a connection
Build info: version: &apos;3.141.59&apos;, revision: &apos;e82be7d358&apos;, time: &apos;2018-11-14T08:17:03&apos;
System info: host: &apos;COL-TNUZUM&apos;, ip: &apos;10.143.8.48&apos;, os.name: &apos;Windows 10&apos;, os.arch: &apos;amd64&apos;, os.version: &apos;10.0&apos;, java.version: &apos;11.0.3&apos;
Driver info: org.openqa.selenium.firefox.FirefoxDriver
Capabilities {acceptInsecureCerts: true, browserName: firefox, browserVersion: 68.0.1, javascriptEnabled: true, moz:accessibilityChecks: false, moz:buildID: 20190717172542, moz:geckodriverVersion: 0.24.0, moz:headless: false, moz:processID: 17276, moz:profile: C:\Users\tnuzum\AppData\Loc..., moz:shutdownTimeout: 60000, moz:useNonSpecCompliantPointerOrigin: false, moz:webdriverClick: true, pageLoadStrategy: normal, platform: WINDOWS, platformName: WINDOWS, platformVersion: 10.0, rotatable: false, setWindowRect: true, strictFileInteractability: false, timeouts: {implicit: 0, pageLoad: 300000, script: 30000}, unhandledPromptBehavior: dismiss and notify}
Session ID: d1e48d67-2702-49a3-a659-0ac25b97e874
*** Element info: {Using=xpath, value=//div[@class=&apos;homeComponent&apos;]//memberinfo/div/div[2]/h2}
	at org.openqa.selenium.remote.http.W3CHttpResponseCodec.createException(W3CHttpResponseCodec.java:187)
	at org.openqa.selenium.remote.http.W3CHttpResponseCodec.decode(W3CHttpResponseCodec.java:122)
	at org.openqa.selenium.remote.http.W3CHttpResponseCodec.decode(W3CHttpResponseCodec.java:49)
	at org.openqa.selenium.remote.HttpCommandExecutor.execute(HttpCommandExecutor.java:158)
	at org.openqa.selenium.remote.service.DriverCommandExecutor.execute(DriverCommandExecutor.java:83)
	at org.openqa.selenium.remote.RemoteWebDriver.execute(RemoteWebDriver.java:552)
	at org.openqa.selenium.remote.RemoteWebDriver.findElement(RemoteWebDriver.java:323)
	at org.openqa.selenium.remote.RemoteWebDriver.findElementByXPath(RemoteWebDriver.java:428)
	at org.openqa.selenium.By$ByXPath.findElement(By.java:353)
	at org.openqa.selenium.remote.RemoteWebDriver.findElement(RemoteWebDriver.java:315)
	at pageObjects.DashboardPO.getMyInfoMemberName(DashboardPO.java:218)
	at resources.reusableWaits.waitForDashboardLoaded(reusableWaits.java:35)
	at resources.reusableMethods.activeMember1Login(reusableMethods.java:19)
	at EME.PageLaunchTest.initialize(PageLaunchTest.java:36)
... Removed 32 stack frames
</div> <!-- stack-trace -->
                </div> <!-- method-content -->
              </div> <!-- method -->
              <div class="method">
                <div class="method-content">
                  <a name="ForgotUsernameButtonTest">
                  </a> <!-- ForgotUsernameButtonTest -->
                  <span class="method-name">ForgotUsernameButtonTest</span>
                  <div class="stack-trace">org.openqa.selenium.NoSuchSessionException: Tried to run command without establishing a connection
Build info: version: &apos;3.141.59&apos;, revision: &apos;e82be7d358&apos;, time: &apos;2018-11-14T08:17:03&apos;
System info: host: &apos;COL-TNUZUM&apos;, ip: &apos;10.143.8.48&apos;, os.name: &apos;Windows 10&apos;, os.arch: &apos;amd64&apos;, os.version: &apos;10.0&apos;, java.version: &apos;11.0.3&apos;
Driver info: org.openqa.selenium.firefox.FirefoxDriver
Capabilities {acceptInsecureCerts: true, browserName: firefox, browserVersion: 68.0.1, javascriptEnabled: true, moz:accessibilityChecks: false, moz:buildID: 20190717172542, moz:geckodriverVersion: 0.24.0, moz:headless: false, moz:processID: 17276, moz:profile: C:\Users\tnuzum\AppData\Loc..., moz:shutdownTimeout: 60000, moz:useNonSpecCompliantPointerOrigin: false, moz:webdriverClick: true, pageLoadStrategy: normal, platform: WINDOWS, platformName: WINDOWS, platformVersion: 10.0, rotatable: false, setWindowRect: true, strictFileInteractability: false, timeouts: {implicit: 0, pageLoad: 300000, script: 30000}, unhandledPromptBehavior: dismiss and notify}
Session ID: d1e48d67-2702-49a3-a659-0ac25b97e874
*** Element info: {Using=xpath, value=//div[@class=&apos;homeComponent&apos;]//memberinfo/div/div[2]/h2}
	at org.openqa.selenium.remote.http.W3CHttpResponseCodec.createException(W3CHttpResponseCodec.java:187)
	at org.openqa.selenium.remote.http.W3CHttpResponseCodec.decode(W3CHttpResponseCodec.java:122)
	at org.openqa.selenium.remote.http.W3CHttpResponseCodec.decode(W3CHttpResponseCodec.java:49)
	at org.openqa.selenium.remote.HttpCommandExecutor.execute(HttpCommandExecutor.java:158)
	at org.openqa.selenium.remote.service.DriverCommandExecutor.execute(DriverCommandExecutor.java:83)
	at org.openqa.selenium.remote.RemoteWebDriver.execute(RemoteWebDriver.java:552)
	at org.openqa.selenium.remote.RemoteWebDriver.findElement(RemoteWebDriver.java:323)
	at org.openqa.selenium.remote.RemoteWebDriver.findElementByXPath(RemoteWebDriver.java:428)
	at org.openqa.selenium.By$ByXPath.findElement(By.java:353)
	at org.openqa.selenium.remote.RemoteWebDriver.findElement(RemoteWebDriver.java:315)
	at pageObjects.DashboardPO.getMyInfoMemberName(DashboardPO.java:218)
	at resources.reusableWaits.waitForDashboardLoaded(reusableWaits.java:35)
	at resources.reusableMethods.activeMember1Login(reusableMethods.java:19)
	at EME.PageLaunchTest.initialize(PageLaunchTest.java:36)
... Removed 32 stack frames
</div> <!-- stack-trace -->
                </div> <!-- method-content -->
              </div> <!-- method -->
              <div class="method">
                <div class="method-content">
                  <a name="ManageFamilyButtonTest">
                  </a> <!-- ManageFamilyButtonTest -->
                  <span class="method-name">ManageFamilyButtonTest</span>
                  <div class="stack-trace">org.openqa.selenium.NoSuchSessionException: Tried to run command without establishing a connection
Build info: version: &apos;3.141.59&apos;, revision: &apos;e82be7d358&apos;, time: &apos;2018-11-14T08:17:03&apos;
System info: host: &apos;COL-TNUZUM&apos;, ip: &apos;10.143.8.48&apos;, os.name: &apos;Windows 10&apos;, os.arch: &apos;amd64&apos;, os.version: &apos;10.0&apos;, java.version: &apos;11.0.3&apos;
Driver info: org.openqa.selenium.firefox.FirefoxDriver
Capabilities {acceptInsecureCerts: true, browserName: firefox, browserVersion: 68.0.1, javascriptEnabled: true, moz:accessibilityChecks: false, moz:buildID: 20190717172542, moz:geckodriverVersion: 0.24.0, moz:headless: false, moz:processID: 17276, moz:profile: C:\Users\tnuzum\AppData\Loc..., moz:shutdownTimeout: 60000, moz:useNonSpecCompliantPointerOrigin: false, moz:webdriverClick: true, pageLoadStrategy: normal, platform: WINDOWS, platformName: WINDOWS, platformVersion: 10.0, rotatable: false, setWindowRect: true, strictFileInteractability: false, timeouts: {implicit: 0, pageLoad: 300000, script: 30000}, unhandledPromptBehavior: dismiss and notify}
Session ID: d1e48d67-2702-49a3-a659-0ac25b97e874
*** Element info: {Using=xpath, value=//div[@class=&apos;homeComponent&apos;]//memberinfo/div/div[2]/h2}
	at org.openqa.selenium.remote.http.W3CHttpResponseCodec.createException(W3CHttpResponseCodec.java:187)
	at org.openqa.selenium.remote.http.W3CHttpResponseCodec.decode(W3CHttpResponseCodec.java:122)
	at org.openqa.selenium.remote.http.W3CHttpResponseCodec.decode(W3CHttpResponseCodec.java:49)
	at org.openqa.selenium.remote.HttpCommandExecutor.execute(HttpCommandExecutor.java:158)
	at org.openqa.selenium.remote.service.DriverCommandExecutor.execute(DriverCommandExecutor.java:83)
	at org.openqa.selenium.remote.RemoteWebDriver.execute(RemoteWebDriver.java:552)
	at org.openqa.selenium.remote.RemoteWebDriver.findElement(RemoteWebDriver.java:323)
	at org.openqa.selenium.remote.RemoteWebDriver.findElementByXPath(RemoteWebDriver.java:428)
	at org.openqa.selenium.By$ByXPath.findElement(By.java:353)
	at org.openqa.selenium.remote.RemoteWebDriver.findElement(RemoteWebDriver.java:315)
	at pageObjects.DashboardPO.getMyInfoMemberName(DashboardPO.java:218)
	at resources.reusableWaits.waitForDashboardLoaded(reusableWaits.java:35)
	at resources.reusableMethods.activeMember1Login(reusableMethods.java:19)
	at EME.PageLaunchTest.initialize(PageLaunchTest.java:36)
... Removed 32 stack frames
</div> <!-- stack-trace -->
                </div> <!-- method-content -->
              </div> <!-- method -->
              <div class="method">
                <div class="method-content">
                  <a name="MyPackagesButtonTest">
                  </a> <!-- MyPackagesButtonTest -->
                  <span class="method-name">MyPackagesButtonTest</span>
                  <div class="stack-trace">org.openqa.selenium.NoSuchSessionException: Tried to run command without establishing a connection
Build info: version: &apos;3.141.59&apos;, revision: &apos;e82be7d358&apos;, time: &apos;2018-11-14T08:17:03&apos;
System info: host: &apos;COL-TNUZUM&apos;, ip: &apos;10.143.8.48&apos;, os.name: &apos;Windows 10&apos;, os.arch: &apos;amd64&apos;, os.version: &apos;10.0&apos;, java.version: &apos;11.0.3&apos;
Driver info: org.openqa.selenium.firefox.FirefoxDriver
Capabilities {acceptInsecureCerts: true, browserName: firefox, browserVersion: 68.0.1, javascriptEnabled: true, moz:accessibilityChecks: false, moz:buildID: 20190717172542, moz:geckodriverVersion: 0.24.0, moz:headless: false, moz:processID: 17276, moz:profile: C:\Users\tnuzum\AppData\Loc..., moz:shutdownTimeout: 60000, moz:useNonSpecCompliantPointerOrigin: false, moz:webdriverClick: true, pageLoadStrategy: normal, platform: WINDOWS, platformName: WINDOWS, platformVersion: 10.0, rotatable: false, setWindowRect: true, strictFileInteractability: false, timeouts: {implicit: 0, pageLoad: 300000, script: 30000}, unhandledPromptBehavior: dismiss and notify}
Session ID: d1e48d67-2702-49a3-a659-0ac25b97e874
*** Element info: {Using=xpath, value=//div[@class=&apos;homeComponent&apos;]//memberinfo/div/div[2]/h2}
	at org.openqa.selenium.remote.http.W3CHttpResponseCodec.createException(W3CHttpResponseCodec.java:187)
	at org.openqa.selenium.remote.http.W3CHttpResponseCodec.decode(W3CHttpResponseCodec.java:122)
	at org.openqa.selenium.remote.http.W3CHttpResponseCodec.decode(W3CHttpResponseCodec.java:49)
	at org.openqa.selenium.remote.HttpCommandExecutor.execute(HttpCommandExecutor.java:158)
	at org.openqa.selenium.remote.service.DriverCommandExecutor.execute(DriverCommandExecutor.java:83)
	at org.openqa.selenium.remote.RemoteWebDriver.execute(RemoteWebDriver.java:552)
	at org.openqa.selenium.remote.RemoteWebDriver.findElement(RemoteWebDriver.java:323)
	at org.openqa.selenium.remote.RemoteWebDriver.findElementByXPath(RemoteWebDriver.java:428)
	at org.openqa.selenium.By$ByXPath.findElement(By.java:353)
	at org.openqa.selenium.remote.RemoteWebDriver.findElement(RemoteWebDriver.java:315)
	at pageObjects.DashboardPO.getMyInfoMemberName(DashboardPO.java:218)
	at resources.reusableWaits.waitForDashboardLoaded(reusableWaits.java:35)
	at resources.reusableMethods.activeMember1Login(reusableMethods.java:19)
	at EME.PageLaunchTest.initialize(PageLaunchTest.java:36)
... Removed 32 stack frames
</div> <!-- stack-trace -->
                </div> <!-- method-content -->
              </div> <!-- method -->
              <div class="method">
                <div class="method-content">
                  <a name="PayNowButtonTest">
                  </a> <!-- PayNowButtonTest -->
                  <span class="method-name">PayNowButtonTest</span>
                  <div class="stack-trace">org.openqa.selenium.NoSuchSessionException: Tried to run command without establishing a connection
Build info: version: &apos;3.141.59&apos;, revision: &apos;e82be7d358&apos;, time: &apos;2018-11-14T08:17:03&apos;
System info: host: &apos;COL-TNUZUM&apos;, ip: &apos;10.143.8.48&apos;, os.name: &apos;Windows 10&apos;, os.arch: &apos;amd64&apos;, os.version: &apos;10.0&apos;, java.version: &apos;11.0.3&apos;
Driver info: org.openqa.selenium.firefox.FirefoxDriver
Capabilities {acceptInsecureCerts: true, browserName: firefox, browserVersion: 68.0.1, javascriptEnabled: true, moz:accessibilityChecks: false, moz:buildID: 20190717172542, moz:geckodriverVersion: 0.24.0, moz:headless: false, moz:processID: 17276, moz:profile: C:\Users\tnuzum\AppData\Loc..., moz:shutdownTimeout: 60000, moz:useNonSpecCompliantPointerOrigin: false, moz:webdriverClick: true, pageLoadStrategy: normal, platform: WINDOWS, platformName: WINDOWS, platformVersion: 10.0, rotatable: false, setWindowRect: true, strictFileInteractability: false, timeouts: {implicit: 0, pageLoad: 300000, script: 30000}, unhandledPromptBehavior: dismiss and notify}
Session ID: d1e48d67-2702-49a3-a659-0ac25b97e874
*** Element info: {Using=xpath, value=//div[@class=&apos;homeComponent&apos;]//memberinfo/div/div[2]/h2}
	at org.openqa.selenium.remote.http.W3CHttpResponseCodec.createException(W3CHttpResponseCodec.java:187)
	at org.openqa.selenium.remote.http.W3CHttpResponseCodec.decode(W3CHttpResponseCodec.java:122)
	at org.openqa.selenium.remote.http.W3CHttpResponseCodec.decode(W3CHttpResponseCodec.java:49)
	at org.openqa.selenium.remote.HttpCommandExecutor.execute(HttpCommandExecutor.java:158)
	at org.openqa.selenium.remote.service.DriverCommandExecutor.execute(DriverCommandExecutor.java:83)
	at org.openqa.selenium.remote.RemoteWebDriver.execute(RemoteWebDriver.java:552)
	at org.openqa.selenium.remote.RemoteWebDriver.findElement(RemoteWebDriver.java:323)
	at org.openqa.selenium.remote.RemoteWebDriver.findElementByXPath(RemoteWebDriver.java:428)
	at org.openqa.selenium.By$ByXPath.findElement(By.java:353)
	at org.openqa.selenium.remote.RemoteWebDriver.findElement(RemoteWebDriver.java:315)
	at pageObjects.DashboardPO.getMyInfoMemberName(DashboardPO.java:218)
	at resources.reusableWaits.waitForDashboardLoaded(reusableWaits.java:35)
	at resources.reusableMethods.activeMember1Login(reusableMethods.java:19)
	at EME.PageLaunchTest.initialize(PageLaunchTest.java:36)
... Removed 32 stack frames
</div> <!-- stack-trace -->
                </div> <!-- method-content -->
              </div> <!-- method -->
              <div class="method">
                <div class="method-content">
                  <a name="ScheduleApptsButtonTest">
                  </a> <!-- ScheduleApptsButtonTest -->
                  <span class="method-name">ScheduleApptsButtonTest</span>
                  <div class="stack-trace">org.openqa.selenium.NoSuchSessionException: Tried to run command without establishing a connection
Build info: version: &apos;3.141.59&apos;, revision: &apos;e82be7d358&apos;, time: &apos;2018-11-14T08:17:03&apos;
System info: host: &apos;COL-TNUZUM&apos;, ip: &apos;10.143.8.48&apos;, os.name: &apos;Windows 10&apos;, os.arch: &apos;amd64&apos;, os.version: &apos;10.0&apos;, java.version: &apos;11.0.3&apos;
Driver info: org.openqa.selenium.firefox.FirefoxDriver
Capabilities {acceptInsecureCerts: true, browserName: firefox, browserVersion: 68.0.1, javascriptEnabled: true, moz:accessibilityChecks: false, moz:buildID: 20190717172542, moz:geckodriverVersion: 0.24.0, moz:headless: false, moz:processID: 17276, moz:profile: C:\Users\tnuzum\AppData\Loc..., moz:shutdownTimeout: 60000, moz:useNonSpecCompliantPointerOrigin: false, moz:webdriverClick: true, pageLoadStrategy: normal, platform: WINDOWS, platformName: WINDOWS, platformVersion: 10.0, rotatable: false, setWindowRect: true, strictFileInteractability: false, timeouts: {implicit: 0, pageLoad: 300000, script: 30000}, unhandledPromptBehavior: dismiss and notify}
Session ID: d1e48d67-2702-49a3-a659-0ac25b97e874
*** Element info: {Using=xpath, value=//div[@class=&apos;homeComponent&apos;]//memberinfo/div/div[2]/h2}
	at org.openqa.selenium.remote.http.W3CHttpResponseCodec.createException(W3CHttpResponseCodec.java:187)
	at org.openqa.selenium.remote.http.W3CHttpResponseCodec.decode(W3CHttpResponseCodec.java:122)
	at org.openqa.selenium.remote.http.W3CHttpResponseCodec.decode(W3CHttpResponseCodec.java:49)
	at org.openqa.selenium.remote.HttpCommandExecutor.execute(HttpCommandExecutor.java:158)
	at org.openqa.selenium.remote.service.DriverCommandExecutor.execute(DriverCommandExecutor.java:83)
	at org.openqa.selenium.remote.RemoteWebDriver.execute(RemoteWebDriver.java:552)
	at org.openqa.selenium.remote.RemoteWebDriver.findElement(RemoteWebDriver.java:323)
	at org.openqa.selenium.remote.RemoteWebDriver.findElementByXPath(RemoteWebDriver.java:428)
	at org.openqa.selenium.By$ByXPath.findElement(By.java:353)
	at org.openqa.selenium.remote.RemoteWebDriver.findElement(RemoteWebDriver.java:315)
	at pageObjects.DashboardPO.getMyInfoMemberName(DashboardPO.java:218)
	at resources.reusableWaits.waitForDashboardLoaded(reusableWaits.java:35)
	at resources.reusableMethods.activeMember1Login(reusableMethods.java:19)
	at EME.PageLaunchTest.initialize(PageLaunchTest.java:36)
... Removed 32 stack frames
</div> <!-- stack-trace -->
                </div> <!-- method-content -->
              </div> <!-- method -->
              <div class="method">
                <div class="method-content">
                  <a name="ScheduleClassesButtonTest">
                  </a> <!-- ScheduleClassesButtonTest -->
                  <span class="method-name">ScheduleClassesButtonTest</span>
                  <div class="stack-trace">org.openqa.selenium.NoSuchSessionException: Tried to run command without establishing a connection
Build info: version: &apos;3.141.59&apos;, revision: &apos;e82be7d358&apos;, time: &apos;2018-11-14T08:17:03&apos;
System info: host: &apos;COL-TNUZUM&apos;, ip: &apos;10.143.8.48&apos;, os.name: &apos;Windows 10&apos;, os.arch: &apos;amd64&apos;, os.version: &apos;10.0&apos;, java.version: &apos;11.0.3&apos;
Driver info: org.openqa.selenium.firefox.FirefoxDriver
Capabilities {acceptInsecureCerts: true, browserName: firefox, browserVersion: 68.0.1, javascriptEnabled: true, moz:accessibilityChecks: false, moz:buildID: 20190717172542, moz:geckodriverVersion: 0.24.0, moz:headless: false, moz:processID: 17276, moz:profile: C:\Users\tnuzum\AppData\Loc..., moz:shutdownTimeout: 60000, moz:useNonSpecCompliantPointerOrigin: false, moz:webdriverClick: true, pageLoadStrategy: normal, platform: WINDOWS, platformName: WINDOWS, platformVersion: 10.0, rotatable: false, setWindowRect: true, strictFileInteractability: false, timeouts: {implicit: 0, pageLoad: 300000, script: 30000}, unhandledPromptBehavior: dismiss and notify}
Session ID: d1e48d67-2702-49a3-a659-0ac25b97e874
*** Element info: {Using=xpath, value=//div[@class=&apos;homeComponent&apos;]//memberinfo/div/div[2]/h2}
	at org.openqa.selenium.remote.http.W3CHttpResponseCodec.createException(W3CHttpResponseCodec.java:187)
	at org.openqa.selenium.remote.http.W3CHttpResponseCodec.decode(W3CHttpResponseCodec.java:122)
	at org.openqa.selenium.remote.http.W3CHttpResponseCodec.decode(W3CHttpResponseCodec.java:49)
	at org.openqa.selenium.remote.HttpCommandExecutor.execute(HttpCommandExecutor.java:158)
	at org.openqa.selenium.remote.service.DriverCommandExecutor.execute(DriverCommandExecutor.java:83)
	at org.openqa.selenium.remote.RemoteWebDriver.execute(RemoteWebDriver.java:552)
	at org.openqa.selenium.remote.RemoteWebDriver.findElement(RemoteWebDriver.java:323)
	at org.openqa.selenium.remote.RemoteWebDriver.findElementByXPath(RemoteWebDriver.java:428)
	at org.openqa.selenium.By$ByXPath.findElement(By.java:353)
	at org.openqa.selenium.remote.RemoteWebDriver.findElement(RemoteWebDriver.java:315)
	at pageObjects.DashboardPO.getMyInfoMemberName(DashboardPO.java:218)
	at resources.reusableWaits.waitForDashboardLoaded(reusableWaits.java:35)
	at resources.reusableMethods.activeMember1Login(reusableMethods.java:19)
	at EME.PageLaunchTest.initialize(PageLaunchTest.java:36)
... Removed 32 stack frames
</div> <!-- stack-trace -->
                </div> <!-- method-content -->
              </div> <!-- method -->
            </div> <!-- main-panel-content rounded-window-bottom -->
          </div> <!-- suite-EME_-_Smoke_Testing-class-skipped -->
          <div class="suite-EME_-_Smoke_Testing-class-passed">
            <div class="main-panel-header rounded-window-top">
              <img src="passed.png"/>
              <span class="class-name">EME.MemberLoginTest</span>
            </div> <!-- main-panel-header rounded-window-top -->
            <div class="main-panel-content rounded-window-bottom">
              <div class="method">
                <div class="method-content">
                  <a name="activeMember1Login">
                  </a> <!-- activeMember1Login -->
                  <span class="method-name">activeMember1Login</span>
                  <em>
(Login Active Adult HOH Member)                  </em>
                </div> <!-- method-content -->
              </div> <!-- method -->
              <div class="method">
                <div class="method-content">
                  <a name="activeMember2Login">
                  </a> <!-- activeMember2Login -->
                  <span class="method-name">activeMember2Login</span>
                  <em>
(Login Active Adult non-HOH Member)                  </em>
                </div> <!-- method-content -->
              </div> <!-- method -->
              <div class="method">
                <div class="method-content">
                  <a name="activeMember3Login">
                  </a> <!-- activeMember3Login -->
                  <span class="method-name">activeMember3Login</span>
                  <em>
(Login Active Minor Member)                  </em>
                </div> <!-- method-content -->
              </div> <!-- method -->
              <div class="method">
                <div class="method-content">
                  <a name="activeMember4Login">
                  </a> <!-- activeMember4Login -->
                  <span class="method-name">activeMember4Login</span>
                  <em>
(Login Active Adult No Family Member)                  </em>
                </div> <!-- method-content -->
              </div> <!-- method -->
              <div class="method">
                <div class="method-content">
                  <a name="collectionsMember1Login">
                  </a> <!-- collectionsMember1Login -->
                  <span class="method-name">collectionsMember1Login</span>
                  <em>
(Login Member in Collections)                  </em>
                </div> <!-- method-content -->
              </div> <!-- method -->
              <div class="method">
                <div class="method-content">
                  <a name="prospectMember1Login">
                  </a> <!-- prospectMember1Login -->
                  <span class="method-name">prospectMember1Login</span>
                  <em>
(Login Prospect Member)                  </em>
                </div> <!-- method-content -->
              </div> <!-- method -->
            </div> <!-- main-panel-content rounded-window-bottom -->
          </div> <!-- suite-EME_-_Smoke_Testing-class-passed -->
          <div class="suite-EME_-_Smoke_Testing-class-passed">
            <div class="main-panel-header rounded-window-top">
              <img src="passed.png"/>
              <span class="class-name">EME.MakePaymentTest</span>
            </div> <!-- main-panel-header rounded-window-top -->
            <div class="main-panel-content rounded-window-bottom">
              <div class="method">
                <div class="method-content">
                  <a name="ConfirmPaymentApplied">
                  </a> <!-- ConfirmPaymentApplied -->
                  <span class="method-name">ConfirmPaymentApplied</span>
                  <em>
(Confirming payment is applied)                  </em>
                </div> <!-- method-content -->
              </div> <!-- method -->
            </div> <!-- main-panel-content rounded-window-bottom -->
          </div> <!-- suite-EME_-_Smoke_Testing-class-passed -->
          <div class="suite-EME_-_Smoke_Testing-class-passed">
            <div class="main-panel-header rounded-window-top">
              <img src="passed.png"/>
              <span class="class-name">EME.loginPageTest</span>
            </div> <!-- main-panel-header rounded-window-top -->
            <div class="main-panel-content rounded-window-bottom">
              <div class="method">
                <div class="method-content">
                  <a name="noUserMessages">
                  </a> <!-- noUserMessages -->
                  <span class="method-name">noUserMessages</span>
                </div> <!-- method-content -->
              </div> <!-- method -->
              <div class="method">
                <div class="method-content">
                  <a name="pageTextLabels">
                  </a> <!-- pageTextLabels -->
                  <span class="method-name">pageTextLabels</span>
                </div> <!-- method-content -->
              </div> <!-- method -->
              <div class="method">
                <div class="method-content">
                  <a name="pageTitle">
                  </a> <!-- pageTitle -->
                  <span class="method-name">pageTitle</span>
                </div> <!-- method-content -->
              </div> <!-- method -->
              <div class="method">
                <div class="method-content">
                  <a name="wrongCredentialsMessages">
                  </a> <!-- wrongCredentialsMessages -->
                  <span class="method-name">wrongCredentialsMessages</span>
                </div> <!-- method-content -->
              </div> <!-- method -->
            </div> <!-- main-panel-content rounded-window-bottom -->
          </div> <!-- suite-EME_-_Smoke_Testing-class-passed -->
        </div> <!-- panel EME_-_Smoke_Testing -->
        <div panel-name="test-xml-EME_-_Smoke_Testing" class="panel">
          <div class="main-panel-header rounded-window-top">
            <span class="header-content">C:\Users\tnuzum\eclipse-workspace\JonasFitness\testng.xml</span>
          </div> <!-- main-panel-header rounded-window-top -->
          <div class="main-panel-content rounded-window-bottom">
            <pre>
&lt;?xml version=&quot;1.0&quot; encoding=&quot;UTF-8&quot;?&gt;
&lt;!DOCTYPE suite SYSTEM &quot;http://testng.org/testng-1.0.dtd&quot;&gt;
&lt;suite name=&quot;EME - Smoke Testing&quot; guice-stage=&quot;DEVELOPMENT&quot; verbose=&quot;0&quot;&gt;
  &lt;listeners&gt;
    &lt;listener class-name=&quot;EME.listeners&quot;/&gt;
    &lt;listener class-name=&quot;resources.ExtentReporterNG&quot;/&gt;
  &lt;/listeners&gt;
  &lt;test thread-count=&quot;5&quot; name=&quot;Login Page Test&quot; verbose=&quot;0&quot;&gt;
    &lt;classes&gt;
      &lt;class name=&quot;EME.loginPageTest&quot;/&gt;
    &lt;/classes&gt;
  &lt;/test&gt; &lt;!-- Login Page Test --&gt;
  &lt;test thread-count=&quot;5&quot; name=&quot;Member Login&quot; verbose=&quot;0&quot;&gt;
    &lt;classes&gt;
      &lt;class name=&quot;EME.MemberLoginTest&quot;/&gt;
    &lt;/classes&gt;
  &lt;/test&gt; &lt;!-- Member Login --&gt;
  &lt;test thread-count=&quot;5&quot; name=&quot;Page Launch&quot; verbose=&quot;0&quot;&gt;
    &lt;classes&gt;
      &lt;class name=&quot;EME.PageLaunchTest&quot;/&gt;
    &lt;/classes&gt;
  &lt;/test&gt; &lt;!-- Page Launch --&gt;
  &lt;test thread-count=&quot;5&quot; name=&quot;Make Payment&quot; verbose=&quot;0&quot;&gt;
    &lt;classes&gt;
      &lt;class name=&quot;EME.MakePaymentTest&quot;/&gt;
    &lt;/classes&gt;
  &lt;/test&gt; &lt;!-- Make Payment --&gt;
  &lt;test thread-count=&quot;5&quot; name=&quot;Make Appointment&quot; verbose=&quot;0&quot;&gt;
    &lt;classes&gt;
      &lt;class name=&quot;EME.MakeApptTest&quot;/&gt;
    &lt;/classes&gt;
  &lt;/test&gt; &lt;!-- Make Appointment --&gt;
  &lt;test thread-count=&quot;5&quot; name=&quot;Schedule Class&quot; verbose=&quot;0&quot;&gt;
    &lt;classes&gt;
      &lt;class name=&quot;EME.ScheduleClassTest&quot;/&gt;
    &lt;/classes&gt;
  &lt;/test&gt; &lt;!-- Schedule Class --&gt;
  &lt;test thread-count=&quot;5&quot; name=&quot;Schedule Course&quot; verbose=&quot;0&quot;&gt;
    &lt;classes&gt;
      &lt;class name=&quot;EME.ScheduleCourseTest&quot;/&gt;
    &lt;/classes&gt;
  &lt;/test&gt; &lt;!-- Schedule Course --&gt;
  &lt;test thread-count=&quot;5&quot; name=&quot;Make Group Appointment&quot; verbose=&quot;0&quot;&gt;
    &lt;classes&gt;
      &lt;class name=&quot;EME.MakeGroupApptTest&quot;/&gt;
    &lt;/classes&gt;
  &lt;/test&gt; &lt;!-- Make Group Appointment --&gt;
&lt;/suite&gt; &lt;!-- EME - Smoke Testing --&gt;
            </pre>
          </div> <!-- main-panel-content rounded-window-bottom -->
        </div> <!-- panel -->
        <div panel-name="testlist-EME_-_Smoke_Testing" class="panel">
          <div class="main-panel-header rounded-window-top">
            <span class="header-content">Tests for EME - Smoke Testing</span>
          </div> <!-- main-panel-header rounded-window-top -->
          <div class="main-panel-content rounded-window-bottom">
            <ul>
              <li>
                <span class="test-name">Login Page Test (1 class)</span>
              </li>
              <li>
                <span class="test-name">Member Login (1 class)</span>
              </li>
              <li>
                <span class="test-name">Page Launch (1 class)</span>
              </li>
              <li>
                <span class="test-name">Make Payment (1 class)</span>
              </li>
              <li>
                <span class="test-name">Make Appointment (1 class)</span>
              </li>
              <li>
                <span class="test-name">Schedule Class (1 class)</span>
              </li>
              <li>
                <span class="test-name">Schedule Course (1 class)</span>
              </li>
              <li>
                <span class="test-name">Make Group Appointment (1 class)</span>
              </li>
            </ul>
          </div> <!-- main-panel-content rounded-window-bottom -->
        </div> <!-- panel -->
        <div panel-name="group-EME_-_Smoke_Testing" class="panel">
          <div class="main-panel-header rounded-window-top">
            <span class="header-content">Groups for EME - Smoke Testing</span>
          </div> <!-- main-panel-header rounded-window-top -->
          <div class="main-panel-content rounded-window-bottom">
          </div> <!-- main-panel-content rounded-window-bottom -->
        </div> <!-- panel -->
        <div panel-name="times-EME_-_Smoke_Testing" class="panel">
          <div class="main-panel-header rounded-window-top">
            <span class="header-content">Times for EME - Smoke Testing</span>
          </div> <!-- main-panel-header rounded-window-top -->
          <div class="main-panel-content rounded-window-bottom">
            <div class="times-div">
              <script type="text/javascript">
suiteTableInitFunctions.push('tableData_EME_-_Smoke_Testing');
function tableData_EME_-_Smoke_Testing() {
var data = new google.visualization.DataTable();
data.addColumn('number', 'Number');
data.addColumn('string', 'Method');
data.addColumn('string', 'Class');
data.addColumn('number', 'Time (ms)');
data.addRows(32);
data.setCell(0, 0, 0)
data.setCell(0, 1, 'activeMember3Login')
data.setCell(0, 2, 'EME.MemberLoginTest')
data.setCell(0, 3, 14530);
data.setCell(1, 0, 1)
data.setCell(1, 1, 'collectionsMember1Login')
data.setCell(1, 2, 'EME.MemberLoginTest')
data.setCell(1, 3, 13833);
data.setCell(2, 0, 2)
data.setCell(2, 1, 'activeMember2Login')
data.setCell(2, 2, 'EME.MemberLoginTest')
data.setCell(2, 3, 13103);
data.setCell(3, 0, 3)
data.setCell(3, 1, 'unenrollFromCourse')
data.setCell(3, 2, 'EME.ScheduleCourseTest')
data.setCell(3, 3, 10028);
data.setCell(4, 0, 4)
data.setCell(4, 1, 'CancelAppointment')
data.setCell(4, 2, 'EME.MakeGroupApptTest')
data.setCell(4, 3, 10014);
data.setCell(5, 0, 5)
data.setCell(5, 1, 'CancelAppointment')
data.setCell(5, 2, 'EME.MakeApptTest')
data.setCell(5, 3, 10011);
data.setCell(6, 0, 6)
data.setCell(6, 1, 'unenrollFromClass')
data.setCell(6, 2, 'EME.ScheduleClassTest')
data.setCell(6, 3, 10008);
data.setCell(7, 0, 7)
data.setCell(7, 1, 'activeMember1Login')
data.setCell(7, 2, 'EME.MemberLoginTest')
data.setCell(7, 3, 5351);
data.setCell(8, 0, 8)
data.setCell(8, 1, 'prospectMember1Login')
data.setCell(8, 2, 'EME.MemberLoginTest')
data.setCell(8, 3, 4973);
data.setCell(9, 0, 9)
data.setCell(9, 1, 'activeMember4Login')
data.setCell(9, 2, 'EME.MemberLoginTest')
data.setCell(9, 3, 4831);
data.setCell(10, 0, 10)
data.setCell(10, 1, 'ScheduleAppointment')
data.setCell(10, 2, 'EME.MakeApptTest')
data.setCell(10, 3, 3538);
data.setCell(11, 0, 11)
data.setCell(11, 1, 'ConfirmPaymentApplied')
data.setCell(11, 2, 'EME.MakePaymentTest')
data.setCell(11, 3, 2093);
data.setCell(12, 0, 12)
data.setCell(12, 1, 'scheduleCourse')
data.setCell(12, 2, 'EME.ScheduleCourseTest')
data.setCell(12, 3, 1591);
data.setCell(13, 0, 13)
data.setCell(13, 1, 'MakePayment')
data.setCell(13, 2, 'EME.MakePaymentTest')
data.setCell(13, 3, 1408);
data.setCell(14, 0, 14)
data.setCell(14, 1, 'ScheduleAppointment')
data.setCell(14, 2, 'EME.MakeGroupApptTest')
data.setCell(14, 3, 1339);
data.setCell(15, 0, 15)
data.setCell(15, 1, 'scheduleClass')
data.setCell(15, 2, 'EME.ScheduleClassTest')
data.setCell(15, 3, 1307);
data.setCell(16, 0, 16)
data.setCell(16, 1, 'wrongCredentialsMessages')
data.setCell(16, 2, 'EME.loginPageTest')
data.setCell(16, 3, 359);
data.setCell(17, 0, 17)
data.setCell(17, 1, 'noUserMessages')
data.setCell(17, 2, 'EME.loginPageTest')
data.setCell(17, 3, 292);
data.setCell(18, 0, 18)
data.setCell(18, 1, 'pageTextLabels')
data.setCell(18, 2, 'EME.loginPageTest')
data.setCell(18, 3, 144);
data.setCell(19, 0, 19)
data.setCell(19, 1, 'ConfirmAppointmentIsScheduled')
data.setCell(19, 2, 'EME.MakeApptTest')
data.setCell(19, 3, 10);
data.setCell(20, 0, 20)
data.setCell(20, 1, 'ConfirmAppointmentIsScheduled')
data.setCell(20, 2, 'EME.MakeGroupApptTest')
data.setCell(20, 3, 7);
data.setCell(21, 0, 21)
data.setCell(21, 1, 'pageTitle')
data.setCell(21, 2, 'EME.loginPageTest')
data.setCell(21, 3, 6);
data.setCell(22, 0, 22)
data.setCell(22, 1, 'MyPackagesButtonTest')
data.setCell(22, 2, 'EME.PageLaunchTest')
data.setCell(22, 3, 0);
data.setCell(23, 0, 23)
data.setCell(23, 1, 'ScheduleApptsButtonTest')
data.setCell(23, 2, 'EME.PageLaunchTest')
data.setCell(23, 3, 0);
data.setCell(24, 0, 24)
data.setCell(24, 1, 'ScheduleClassesButtonTest')
data.setCell(24, 2, 'EME.PageLaunchTest')
data.setCell(24, 3, 0);
data.setCell(25, 0, 25)
data.setCell(25, 1, 'ManageFamilyButtonTest')
data.setCell(25, 2, 'EME.PageLaunchTest')
data.setCell(25, 3, 0);
data.setCell(26, 0, 26)
data.setCell(26, 1, 'ForgotUsernameButtonTest')
data.setCell(26, 2, 'EME.PageLaunchTest')
data.setCell(26, 3, 0);
data.setCell(27, 0, 27)
data.setCell(27, 1, 'CartButtonTest')
data.setCell(27, 2, 'EME.PageLaunchTest')
data.setCell(27, 3, 0);
data.setCell(28, 0, 28)
data.setCell(28, 1, 'AcctHistoryButtonTest')
data.setCell(28, 2, 'EME.PageLaunchTest')
data.setCell(28, 3, 0);
data.setCell(29, 0, 29)
data.setCell(29, 1, 'EditMyInfoButtonTest')
data.setCell(29, 2, 'EME.PageLaunchTest')
data.setCell(29, 3, 0);
data.setCell(30, 0, 30)
data.setCell(30, 1, 'PayNowButtonTest')
data.setCell(30, 2, 'EME.PageLaunchTest')
data.setCell(30, 3, 0);
data.setCell(31, 0, 31)
data.setCell(31, 1, 'ForgotPasswordButtonTest')
data.setCell(31, 2, 'EME.PageLaunchTest')
data.setCell(31, 3, 0);
window.suiteTableData['EME_-_Smoke_Testing']= { tableData: data, tableDiv: 'times-div-EME_-_Smoke_Testing'}
return data;
}
              </script>
              <span class="suite-total-time">Total running time: 1 minutes</span>
              <div id="times-div-EME_-_Smoke_Testing">
              </div> <!-- times-div-EME_-_Smoke_Testing -->
            </div> <!-- times-div -->
          </div> <!-- main-panel-content rounded-window-bottom -->
        </div> <!-- panel -->
        <div panel-name="reporter-EME_-_Smoke_Testing" class="panel">
          <div class="main-panel-header rounded-window-top">
            <span class="header-content">Reporter output for EME - Smoke Testing</span>
          </div> <!-- main-panel-header rounded-window-top -->
          <div class="main-panel-content rounded-window-bottom">
          </div> <!-- main-panel-content rounded-window-bottom -->
        </div> <!-- panel -->
        <div panel-name="ignored-methods-EME_-_Smoke_Testing" class="panel">
          <div class="main-panel-header rounded-window-top">
            <span class="header-content">0 ignored methods</span>
          </div> <!-- main-panel-header rounded-window-top -->
          <div class="main-panel-content rounded-window-bottom">
          </div> <!-- main-panel-content rounded-window-bottom -->
        </div> <!-- panel -->
        <div panel-name="chronological-EME_-_Smoke_Testing" class="panel">
          <div class="main-panel-header rounded-window-top">
            <span class="header-content">Methods in chronological order</span>
          </div> <!-- main-panel-header rounded-window-top -->
          <div class="main-panel-content rounded-window-bottom">
            <div class="chronological-class">
              <div class="chronological-class-name">EME.loginPageTest</div> <!-- chronological-class-name -->
              <div class="configuration-test before">
                <span class="method-name">initialize</span>
                <span class="method-start">0 ms</span>
              </div> <!-- configuration-test before -->
              <div class="test-method">
                <span class="method-name">pageTitle</span>
                <span class="method-start">4800 ms</span>
              </div> <!-- test-method -->
              <div class="test-method">
                <span class="method-name">pageTextLabels</span>
                <span class="method-start">4808 ms</span>
              </div> <!-- test-method -->
              <div class="test-method">
                <span class="method-name">noUserMessages</span>
                <span class="method-start">4953 ms</span>
              </div> <!-- test-method -->
              <div class="test-method">
                <span class="method-name">wrongCredentialsMessages</span>
                <span class="method-start">5246 ms</span>
              </div> <!-- test-method -->
              <div class="configuration-test after">
                <span class="method-name">teardown</span>
                <span class="method-start">5605 ms</span>
              </div> <!-- configuration-test after -->
            </div> <!-- chronological-class -->
            <div class="chronological-class">
              <div class="chronological-class-name">EME.MemberLoginTest</div> <!-- chronological-class-name -->
              <div class="configuration-test before">
                <span class="method-name">initialize</span>
                <span class="method-start">6667 ms</span>
              </div> <!-- configuration-test before -->
              <div class="test-method">
                <span class="method-name">activeMember1Login</span>
                <span class="method-start">10834 ms</span>
              </div> <!-- test-method -->
              <div class="test-method">
                <span class="method-name">activeMember2Login</span>
                <span class="method-start">16185 ms</span>
              </div> <!-- test-method -->
              <div class="test-method">
                <span class="method-name">activeMember3Login</span>
                <span class="method-start">29289 ms</span>
              </div> <!-- test-method -->
              <div class="test-method">
                <span class="method-name">activeMember4Login</span>
                <span class="method-start">43819 ms</span>
              </div> <!-- test-method -->
              <div class="test-method">
                <span class="method-name">collectionsMember1Login</span>
                <span class="method-start">48651 ms</span>
              </div> <!-- test-method -->
              <div class="test-method">
                <span class="method-name">prospectMember1Login</span>
                <span class="method-start">62485 ms</span>
              </div> <!-- test-method -->
              <div class="configuration-test after">
                <span class="method-name">teardown</span>
                <span class="method-start">67459 ms</span>
              </div> <!-- configuration-test after -->
            </div> <!-- chronological-class -->
            <div class="chronological-class">
              <div class="chronological-class-name">EME.PageLaunchTest</div> <!-- chronological-class-name -->
              <div class="configuration-test before">
                <img src="failed.png">
                </img>
                <span class="method-name">initialize</span>
                <span class="method-start">68246 ms</span>
              </div> <!-- configuration-test before -->
            </div> <!-- chronological-class -->
            <div class="chronological-class">
              <div class="chronological-class-name">EME.MakePaymentTest</div> <!-- chronological-class-name -->
              <div class="configuration-test before">
                <span class="method-name">initialize</span>
                <span class="method-start">78496 ms</span>
              </div> <!-- configuration-test before -->
              <div class="test-method">
                <img src="failed.png">
                </img>
                <span class="method-name">MakePayment</span>
                <span class="method-start">83995 ms</span>
              </div> <!-- test-method -->
              <div class="test-method">
                <span class="method-name">ConfirmPaymentApplied</span>
                <span class="method-start">85505 ms</span>
              </div> <!-- test-method -->
              <div class="configuration-test after">
                <span class="method-name">teardown</span>
                <span class="method-start">87598 ms</span>
              </div> <!-- configuration-test after -->
            </div> <!-- chronological-class -->
            <div class="chronological-class">
              <div class="chronological-class-name">EME.MakeApptTest</div> <!-- chronological-class-name -->
              <div class="configuration-test before">
                <span class="method-name">initialize</span>
                <span class="method-start">88674 ms</span>
              </div> <!-- configuration-test before -->
              <div class="test-method">
                <img src="failed.png">
                </img>
                <span class="method-name">ScheduleAppointment</span>
                <span class="method-start">92882 ms</span>
              </div> <!-- test-method -->
              <div class="test-method">
                <img src="failed.png">
                </img>
                <span class="method-name">ConfirmAppointmentIsScheduled</span>
                <span class="method-start">96531 ms</span>
              </div> <!-- test-method -->
              <div class="test-method">
                <img src="failed.png">
                </img>
                <span class="method-name">CancelAppointment</span>
                <span class="method-start">96618 ms</span>
              </div> <!-- test-method -->
              <div class="configuration-test after">
                <span class="method-name">teardown</span>
                <span class="method-start">106705 ms</span>
              </div> <!-- configuration-test after -->
            </div> <!-- chronological-class -->
            <div class="chronological-class">
              <div class="chronological-class-name">EME.ScheduleClassTest</div> <!-- chronological-class-name -->
              <div class="configuration-test before">
                <span class="method-name">initialize</span>
                <span class="method-start">107688 ms</span>
              </div> <!-- configuration-test before -->
              <div class="test-method">
                <img src="failed.png">
                </img>
                <span class="method-name">scheduleClass</span>
                <span class="method-start">111864 ms</span>
              </div> <!-- test-method -->
              <div class="test-method">
                <img src="failed.png">
                </img>
                <span class="method-name">unenrollFromClass</span>
                <span class="method-start">113278 ms</span>
              </div> <!-- test-method -->
              <div class="configuration-test after">
                <span class="method-name">teardown</span>
                <span class="method-start">123367 ms</span>
              </div> <!-- configuration-test after -->
            </div> <!-- chronological-class -->
            <div class="chronological-class">
              <div class="chronological-class-name">EME.ScheduleCourseTest</div> <!-- chronological-class-name -->
              <div class="configuration-test before">
                <span class="method-name">initialize</span>
                <span class="method-start">124441 ms</span>
              </div> <!-- configuration-test before -->
              <div class="test-method">
                <img src="failed.png">
                </img>
                <span class="method-name">scheduleCourse</span>
                <span class="method-start">128613 ms</span>
              </div> <!-- test-method -->
              <div class="test-method">
                <img src="failed.png">
                </img>
                <span class="method-name">unenrollFromCourse</span>
                <span class="method-start">130296 ms</span>
              </div> <!-- test-method -->
              <div class="configuration-test after">
                <span class="method-name">teardown</span>
                <span class="method-start">140405 ms</span>
              </div> <!-- configuration-test after -->
            </div> <!-- chronological-class -->
            <div class="chronological-class">
              <div class="chronological-class-name">EME.MakeGroupApptTest</div> <!-- chronological-class-name -->
              <div class="configuration-test before">
                <span class="method-name">initialize</span>
                <span class="method-start">146379 ms</span>
              </div> <!-- configuration-test before -->
              <div class="test-method">
                <img src="failed.png">
                </img>
                <span class="method-name">ScheduleAppointment</span>
                <span class="method-start">151021 ms</span>
              </div> <!-- test-method -->
              <div class="test-method">
                <img src="failed.png">
                </img>
                <span class="method-name">ConfirmAppointmentIsScheduled</span>
                <span class="method-start">152468 ms</span>
              </div> <!-- test-method -->
              <div class="test-method">
                <img src="failed.png">
                </img>
                <span class="method-name">CancelAppointment</span>
                <span class="method-start">152552 ms</span>
              </div> <!-- test-method -->
              <div class="configuration-test after">
                <span class="method-name">teardown</span>
                <span class="method-start">162645 ms</span>
              </div> <!-- configuration-test after -->
            </div> <!-- chronological-class -->
            <div class="chronological-class">
              <div class="chronological-class-name">EME.PageLaunchTest</div> <!-- chronological-class-name -->
              <div class="test-method">
                <span class="method-name">MyPackagesButtonTest</span>
                <span class="method-start">-1565964179663 ms</span>
              </div> <!-- test-method -->
              <div class="test-method">
                <span class="method-name">CartButtonTest</span>
                <span class="method-start">-1565964179663 ms</span>
              </div> <!-- test-method -->
              <div class="test-method">
                <span class="method-name">AcctHistoryButtonTest</span>
                <span class="method-start">-1565964179663 ms</span>
              </div> <!-- test-method -->
              <div class="test-method">
                <span class="method-name">PayNowButtonTest</span>
                <span class="method-start">-1565964179663 ms</span>
              </div> <!-- test-method -->
              <div class="test-method">
                <span class="method-name">ScheduleClassesButtonTest</span>
                <span class="method-start">-1565964179663 ms</span>
              </div> <!-- test-method -->
              <div class="test-method">
                <span class="method-name">ScheduleApptsButtonTest</span>
                <span class="method-start">-1565964179663 ms</span>
              </div> <!-- test-method -->
              <div class="test-method">
                <span class="method-name">ManageFamilyButtonTest</span>
                <span class="method-start">-1565964179663 ms</span>
              </div> <!-- test-method -->
              <div class="test-method">
                <span class="method-name">EditMyInfoButtonTest</span>
                <span class="method-start">-1565964179663 ms</span>
              </div> <!-- test-method -->
              <div class="test-method">
                <span class="method-name">ForgotUsernameButtonTest</span>
                <span class="method-start">-1565964179663 ms</span>
              </div> <!-- test-method -->
              <div class="test-method">
                <span class="method-name">ForgotPasswordButtonTest</span>
                <span class="method-start">-1565964179663 ms</span>
              </div> <!-- test-method -->
          </div> <!-- main-panel-content rounded-window-bottom -->
        </div> <!-- panel -->
      </div> <!-- main-panel-root -->
    </div> <!-- wrapper -->
  </body>
</html>
