<?xml version="1.0" encoding="UTF-8"?>
<!-- Generated by org.testng.reporters.JUnitReportReporter -->
<testsuite hostname="COL-TNUZUM" failures="0" tests="11" name="EME.PageLaunchTest" time="25.344" errors="1" timestamp="2019-10-18T17:38:23 EDT" skipped="10">
  <testcase classname="EME.PageLaunchTest" name="initialize" time="25.344">
    <error message="Reached error page: about:neterror?e=netTimeout&amp;u=https%3A//ourclublogin-future2.test-jfisoftware.com%3A8911/account/login/101&amp;c=UTF-8&amp;f=regular&amp;d=The%20server%20at%20ourclublogin-future2.test-jfisoftware.com%20is%20taking%20too%20long%20to%20respond.
Build info: version: &#039;3.141.59&#039;, revision: &#039;e82be7d358&#039;, time: &#039;2018-11-14T08:17:03&#039;
System info: host: &#039;COL-TNUZUM&#039;, ip: &#039;10.142.6.27&#039;, os.name: &#039;Windows 10&#039;, os.arch: &#039;amd64&#039;, os.version: &#039;10.0&#039;, java.version: &#039;11.0.3&#039;
Driver info: org.openqa.selenium.firefox.FirefoxDriver
Capabilities {acceptInsecureCerts: true, browserName: firefox, browserVersion: 69.0.3, javascriptEnabled: true, moz:accessibilityChecks: false, moz:buildID: 20191009172106, moz:geckodriverVersion: 0.24.0, moz:headless: false, moz:processID: 3716, moz:profile: C:\Users\tnuzum\AppData\Loc..., moz:shutdownTimeout: 60000, moz:useNonSpecCompliantPointerOrigin: false, moz:webdriverClick: true, pageLoadStrategy: normal, platform: WINDOWS, platformName: WINDOWS, platformVersion: 10.0, rotatable: false, setWindowRect: true, strictFileInteractability: false, timeouts: {implicit: 0, pageLoad: 300000, script: 30000}, unhandledPromptBehavior: dismiss and notify}
Session ID: 33b8e76e-77bc-4c54-8e75-7d1432fb8725" type="org.openqa.selenium.WebDriverException">
      <![CDATA[org.openqa.selenium.WebDriverException: Reached error page: about:neterror?e=netTimeout&u=https%3A//ourclublogin-future2.test-jfisoftware.com%3A8911/account/login/101&c=UTF-8&f=regular&d=The%20server%20at%20ourclublogin-future2.test-jfisoftware.com%20is%20taking%20too%20long%20to%20respond.
Build info: version: '3.141.59', revision: 'e82be7d358', time: '2018-11-14T08:17:03'
System info: host: 'COL-TNUZUM', ip: '10.142.6.27', os.name: 'Windows 10', os.arch: 'amd64', os.version: '10.0', java.version: '11.0.3'
Driver info: org.openqa.selenium.firefox.FirefoxDriver
Capabilities {acceptInsecureCerts: true, browserName: firefox, browserVersion: 69.0.3, javascriptEnabled: true, moz:accessibilityChecks: false, moz:buildID: 20191009172106, moz:geckodriverVersion: 0.24.0, moz:headless: false, moz:processID: 3716, moz:profile: C:\Users\tnuzum\AppData\Loc..., moz:shutdownTimeout: 60000, moz:useNonSpecCompliantPointerOrigin: false, moz:webdriverClick: true, pageLoadStrategy: normal, platform: WINDOWS, platformName: WINDOWS, platformVersion: 10.0, rotatable: false, setWindowRect: true, strictFileInteractability: false, timeouts: {implicit: 0, pageLoad: 300000, script: 30000}, unhandledPromptBehavior: dismiss and notify}
Session ID: 33b8e76e-77bc-4c54-8e75-7d1432fb8725
at java.base/jdk.internal.reflect.NativeConstructorAccessorImpl.newInstance0(Native Method)
at java.base/jdk.internal.reflect.NativeConstructorAccessorImpl.newInstance(NativeConstructorAccessorImpl.java:62)
at java.base/jdk.internal.reflect.DelegatingConstructorAccessorImpl.newInstance(DelegatingConstructorAccessorImpl.java:45)
at java.base/java.lang.reflect.Constructor.newInstance(Constructor.java:490)
at org.openqa.selenium.remote.http.W3CHttpResponseCodec.createException(W3CHttpResponseCodec.java:187)
at org.openqa.selenium.remote.http.W3CHttpResponseCodec.decode(W3CHttpResponseCodec.java:122)
at org.openqa.selenium.remote.http.W3CHttpResponseCodec.decode(W3CHttpResponseCodec.java:49)
at org.openqa.selenium.remote.HttpCommandExecutor.execute(HttpCommandExecutor.java:158)
at org.openqa.selenium.remote.service.DriverCommandExecutor.execute(DriverCommandExecutor.java:83)
at org.openqa.selenium.remote.RemoteWebDriver.execute(RemoteWebDriver.java:552)
at org.openqa.selenium.remote.RemoteWebDriver.get(RemoteWebDriver.java:277)
at EME.PageLaunchTest.initialize(PageLaunchTest.java:36)
at java.base/jdk.internal.reflect.NativeMethodAccessorImpl.invoke0(Native Method)
at java.base/jdk.internal.reflect.NativeMethodAccessorImpl.invoke(NativeMethodAccessorImpl.java:62)
at java.base/jdk.internal.reflect.DelegatingMethodAccessorImpl.invoke(DelegatingMethodAccessorImpl.java:43)
at java.base/java.lang.reflect.Method.invoke(Method.java:566)
at org.testng.internal.MethodInvocationHelper.invokeMethod(MethodInvocationHelper.java:133)
at org.testng.internal.MethodInvocationHelper.invokeMethodConsideringTimeout(MethodInvocationHelper.java:62)
at org.testng.internal.ConfigInvoker.invokeConfigurationMethod(ConfigInvoker.java:340)
at org.testng.internal.ConfigInvoker.invokeConfigurations(ConfigInvoker.java:294)
at org.testng.TestRunner.invokeTestConfigurations(TestRunner.java:623)
at org.testng.TestRunner.beforeRun(TestRunner.java:613)
at org.testng.TestRunner.run(TestRunner.java:584)
at org.testng.SuiteRunner.runTest(SuiteRunner.java:402)
at org.testng.SuiteRunner.runSequentially(SuiteRunner.java:396)
at org.testng.SuiteRunner.privateRun(SuiteRunner.java:355)
at org.testng.SuiteRunner.run(SuiteRunner.java:304)
at org.testng.SuiteRunnerWorker.runSuite(SuiteRunnerWorker.java:53)
at org.testng.SuiteRunnerWorker.run(SuiteRunnerWorker.java:96)
at org.testng.TestNG.runSuitesSequentially(TestNG.java:1180)
at org.testng.TestNG.runSuitesLocally(TestNG.java:1102)
at org.testng.TestNG.runSuites(TestNG.java:1032)
at org.testng.TestNG.run(TestNG.java:1000)
at org.testng.remote.AbstractRemoteTestNG.run(AbstractRemoteTestNG.java:115)
at org.testng.remote.RemoteTestNG.initAndRun(RemoteTestNG.java:251)
at org.testng.remote.RemoteTestNG.main(RemoteTestNG.java:77)
]]>
    </error>
  </testcase> <!-- initialize -->
  <testcase classname="EME.PageLaunchTest" name="MyPackagesButtonTest" time="0.000">
    <skipped/>
  </testcase> <!-- MyPackagesButtonTest -->
  <testcase classname="EME.PageLaunchTest" name="CartButtonTest" time="0.000">
    <skipped/>
  </testcase> <!-- CartButtonTest -->
  <testcase classname="EME.PageLaunchTest" name="AcctHistoryButtonTest" time="0.000">
    <skipped/>
  </testcase> <!-- AcctHistoryButtonTest -->
  <testcase classname="EME.PageLaunchTest" name="PayNowButtonTest" time="0.000">
    <skipped/>
  </testcase> <!-- PayNowButtonTest -->
  <testcase classname="EME.PageLaunchTest" name="ScheduleClassesButtonTest" time="0.000">
    <skipped/>
  </testcase> <!-- ScheduleClassesButtonTest -->
  <testcase classname="EME.PageLaunchTest" name="ScheduleApptsButtonTest" time="0.000">
    <skipped/>
  </testcase> <!-- ScheduleApptsButtonTest -->
  <testcase classname="EME.PageLaunchTest" name="ManageFamilyButtonTest" time="0.000">
    <skipped/>
  </testcase> <!-- ManageFamilyButtonTest -->
  <testcase classname="EME.PageLaunchTest" name="EditMyInfoButtonTest" time="0.000">
    <skipped/>
  </testcase> <!-- EditMyInfoButtonTest -->
  <testcase classname="EME.PageLaunchTest" name="ForgotUsernameButtonTest" time="0.000">
    <skipped/>
  </testcase> <!-- ForgotUsernameButtonTest -->
  <testcase classname="EME.PageLaunchTest" name="ForgotPasswordButtonTest" time="0.000">
    <skipped/>
  </testcase> <!-- ForgotPasswordButtonTest -->
</testsuite> <!-- EME.PageLaunchTest -->
