<?xml version="1.0" encoding="UTF-8"?>
<!-- Generated by org.testng.reporters.JUnitXMLReporter -->
<testsuite ignored="0" hostname="COL-TNUZUM" failures="1" tests="10" name="Page Launch" time="33.193" errors="0" timestamp="23 Jul 2019 13:09:09 GMT">
  <testcase classname="EME.PageLaunchTest" name="MyPackagesButtonTest" time="0.961"/>
  <testcase classname="EME.PageLaunchTest" name="CartButtonTest" time="0.601"/>
  <testcase classname="EME.PageLaunchTest" name="AcctHistoryButtonTest" time="0.724"/>
  <testcase classname="EME.PageLaunchTest" name="PayNowButtonTest" time="0.78"/>
  <testcase classname="EME.PageLaunchTest" name="ScheduleClassesButtonTest" time="1.454"/>
  <testcase classname="EME.PageLaunchTest" name="ScheduleApptsButtonTest" time="1.581"/>
  <testcase classname="EME.PageLaunchTest" name="ManageFamilyButtonTest" time="0.646"/>
  <testcase classname="EME.PageLaunchTest" name="EditMyInfoButtonTest" time="0.694"/>
  <testcase classname="EME.PageLaunchTest" name="ForgotUsernameButtonTest" time="6.179"/>
  <testcase classname="EME.PageLaunchTest" name="ForgotPasswordButtonTest" time="0.016">
    <failure type="org.openqa.selenium.ElementNotInteractableException" message="Element &amp;lt;a class=&amp;quot;text-uppercase&amp;quot;&amp;gt; could not be scrolled into view
Build info: version: &amp;apos;3.141.59&amp;apos;, revision: &amp;apos;e82be7d358&amp;apos;, time: &amp;apos;2018-11-14T08:25:53&amp;apos;
System info: host: &amp;apos;COL-TNUZUM&amp;apos;, ip: &amp;apos;10.143.8.48&amp;apos;, os.name: &amp;apos;Windows 10&amp;apos;, os.arch: &amp;apos;amd64&amp;apos;, os.version: &amp;apos;10.0&amp;apos;, java.version: &amp;apos;11.0.3&amp;apos;
Driver info: org.openqa.selenium.firefox.FirefoxDriver
Capabilities {acceptInsecureCerts: true, browserName: firefox, browserVersion: 68.0.1, javascriptEnabled: true, moz:accessibilityChecks: false, moz:buildID: 20190717172542, moz:geckodriverVersion: 0.24.0, moz:headless: false, moz:processID: 11596, moz:profile: C:\Users\tnuzum\AppData\Loc..., moz:shutdownTimeout: 60000, moz:useNonSpecCompliantPointerOrigin: false, moz:webdriverClick: true, pageLoadStrategy: normal, platform: WINDOWS, platformName: WINDOWS, platformVersion: 10.0, rotatable: false, setWindowRect: true, strictFileInteractability: false, timeouts: {implicit: 0, pageLoad: 300000, script: 30000}, unhandledPromptBehavior: dismiss and notify}
Session ID: 610bd8f6-fc08-41c1-961d-6e6401c79892">
      <![CDATA[org.openqa.selenium.ElementNotInteractableException: Element <a class="text-uppercase"> could not be scrolled into view
Build info: version: '3.141.59', revision: 'e82be7d358', time: '2018-11-14T08:25:53'
System info: host: 'COL-TNUZUM', ip: '10.143.8.48', os.name: 'Windows 10', os.arch: 'amd64', os.version: '10.0', java.version: '11.0.3'
Driver info: org.openqa.selenium.firefox.FirefoxDriver
Capabilities {acceptInsecureCerts: true, browserName: firefox, browserVersion: 68.0.1, javascriptEnabled: true, moz:accessibilityChecks: false, moz:buildID: 20190717172542, moz:geckodriverVersion: 0.24.0, moz:headless: false, moz:processID: 11596, moz:profile: C:\Users\tnuzum\AppData\Loc..., moz:shutdownTimeout: 60000, moz:useNonSpecCompliantPointerOrigin: false, moz:webdriverClick: true, pageLoadStrategy: normal, platform: WINDOWS, platformName: WINDOWS, platformVersion: 10.0, rotatable: false, setWindowRect: true, strictFileInteractability: false, timeouts: {implicit: 0, pageLoad: 300000, script: 30000}, unhandledPromptBehavior: dismiss and notify}
Session ID: 610bd8f6-fc08-41c1-961d-6e6401c79892
at org.openqa.selenium.remote.http.W3CHttpResponseCodec.createException(W3CHttpResponseCodec.java:187)
at org.openqa.selenium.remote.http.W3CHttpResponseCodec.decode(W3CHttpResponseCodec.java:122)
at org.openqa.selenium.remote.http.W3CHttpResponseCodec.decode(W3CHttpResponseCodec.java:49)
at org.openqa.selenium.remote.HttpCommandExecutor.execute(HttpCommandExecutor.java:158)
at org.openqa.selenium.remote.service.DriverCommandExecutor.execute(DriverCommandExecutor.java:83)
at org.openqa.selenium.remote.RemoteWebDriver.execute(RemoteWebDriver.java:552)
at org.openqa.selenium.remote.RemoteWebElement.execute(RemoteWebElement.java:285)
at org.openqa.selenium.remote.RemoteWebElement.click(RemoteWebElement.java:84)
at EME.PageLaunchTest.ForgotPasswordButtonTest(PageLaunchTest.java:147)
... Removed 29 stack frames]]>
    </failure>
  </testcase> <!-- ForgotPasswordButtonTest -->
</testsuite> <!-- Page Launch -->
